          Time          |   Accel XYZ(m/s^2)  |     Accel XYZ(G)    |  Accel XYZ(raw ADC) |   Gyro XYZ (rad/s)  |   Gyro XYZ (deg/s)  |  Gyro XYZ (raw ADC) |  Mag Field XYZ(uT)  | Temp (C)
2023-11-08 00:57:13.627 |  0.82   0.45   9.85 |  0.08   0.05   1.00 |   342    189   4154 |   0.0    0.0    0.0 |   1.2    1.0    0.7 |    20     16     11 |   2.4  -18.9  -89.7 | 33.25    
2023-11-08 00:57:13.663 |  0.69   0.38   9.84 |  0.07   0.04   1.00 |   287    161   4153 |   0.0    0.0   -0.0 |   0.4    0.7   -0.3 |     7     12     -5 |   1.2  -19.2  -91.8 | 33.33    
2023-11-08 00:57:13.702 |  0.47   0.35   9.80 |  0.05   0.04   1.00 |   198    148   4134 |   0.0    0.0   -0.0 |   0.7    0.1   -0.6 |    11      2    -10 |   0.2  -21.1  -91.3 | 33.39    
2023-11-08 00:57:13.740 |  0.70   0.44   9.89 |  0.07   0.04   1.01 |   293    184   4170 |   0.0    0.0   -0.0 |   0.4    0.1   -0.5 |     7      2     -8 |   2.7  -20.1  -92.3 | 33.44    
2023-11-08 00:57:13.778 |  0.63   0.32   9.85 |  0.06   0.03   1.00 |   264    135   4155 |   0.0    0.0   -0.0 |   0.5    0.2   -0.1 |     9      4     -1 |   1.0  -21.8  -91.6 | 33.44    
2023-11-08 00:57:13.816 |  0.66   0.35   9.89 |  0.07   0.04   1.01 |   275    148   4172 |   0.0   -0.0   -0.0 |   0.8   -0.1   -0.2 |    13     -2     -4 |  -0.5  -20.4  -90.6 | 33.49    
2023-11-08 00:57:13.854 |  0.77   0.43   9.91 |  0.08   0.04   1.01 |   324    179   4180 |   0.0    0.0   -0.0 |   0.8    0.6   -0.3 |    13     10     -5 |   1.2  -20.1  -91.8 | 33.56    
2023-11-08 00:57:13.893 |  0.58   0.32   9.81 |  0.06   0.03   1.00 |   241    133   4137 |   0.0    0.0   -0.0 |   0.7    0.4   -0.5 |    11      7     -8 |   1.0  -21.8  -89.7 | 33.60    
2023-11-08 00:57:13.931 |  0.53   0.32   9.87 |  0.05   0.03   1.01 |   222    133   4162 |   0.0    0.0   -0.0 |   0.5    0.1   -0.3 |     9      1     -5 |   1.7  -20.1  -90.4 | 33.62    
2023-11-08 00:57:13.969 |  0.71   0.48   9.89 |  0.07   0.05   1.01 |   297    200   4170 |   0.0    0.0   -0.0 |   0.7    0.2   -0.2 |    11      4     -4 |  -1.2  -19.6  -90.4 | 33.71    
2023-11-08 00:57:14.007 |  0.59   0.38   9.88 |  0.06   0.04   1.01 |   247    159   4169 |   0.0    0.0   -0.0 |   0.7    0.5   -0.3 |    12      9     -5 |   1.2  -21.1  -92.7 | 33.81    
2023-11-08 00:57:14.045 |  0.52   0.32   9.84 |  0.05   0.03   1.00 |   219    132   4149 |   0.0    0.0   -0.0 |   0.5    0.3   -0.2 |     9      5     -4 |   0.5  -19.4  -90.2 | 33.82    
2023-11-08 00:57:14.084 |  0.70   0.41   9.94 |  0.07   0.04   1.01 |   291    170   4194 |   0.0    0.0    0.0 |   0.6    0.1    0.0 |    10      1      0 |   3.7  -21.1  -92.7 | 33.82    
2023-11-08 00:57:14.122 |  0.64   0.37   9.96 |  0.07   0.04   1.02 |   268    155   4200 |   0.0    0.0   -0.0 |   0.7    0.1   -0.5 |    11      2     -8 |  -1.2  -20.6  -91.8 | 33.83    
2023-11-08 00:57:14.160 |  0.64   0.23   9.68 |  0.07   0.02   0.99 |   269     96   4084 |   0.0   -0.0   -0.0 |   0.1   -1.1   -0.8 |     2    -18    -13 |   0.5  -21.4  -89.2 | 33.86    
2023-11-08 00:57:14.199 |  0.70   0.32   9.65 |  0.07   0.03   0.98 |   294    132   4071 |   0.0    0.0   -0.0 |   0.5    2.1   -0.1 |     9     35     -2 |   1.7  -20.1  -93.6 | 33.89    
2023-11-08 00:57:14.237 |  0.84   0.38   9.91 |  0.09   0.04   1.01 |   353    158   4179 |   0.0    0.0   -0.0 |   0.5    1.6   -0.7 |     8     26    -11 |   1.5  -21.8  -92.0 | 33.91    
2023-11-08 00:57:14.275 |  0.18   0.34   9.81 |  0.02   0.03   1.00 |    75    143   4138 |   0.0   -0.0   -0.1 |   1.5   -0.9   -3.7 |    25    -14    -60 |   0.2  -19.2  -92.7 | 34.00    
2023-11-08 00:57:14.314 |  0.60   0.43   9.84 |  0.06   0.04   1.00 |   250    180   4150 |   0.0   -0.0    0.0 |   0.7   -0.2    0.1 |    12     -3      1 |   1.2  -21.6  -89.0 | 34.01    
2023-11-08 00:57:14.352 |  0.82   0.38   9.96 |  0.08   0.04   1.02 |   343    159   4202 |   0.0    0.0   -0.0 |   0.6    0.3   -0.5 |    10      5     -9 |   0.5  -22.3  -91.6 | 34.02    
2023-11-08 00:57:14.391 |  0.46   0.27   9.86 |  0.05   0.03   1.01 |   193    114   4159 |   0.0    0.0   -0.0 |   0.7    0.2   -0.4 |    11      4     -7 |   1.2  -20.1  -89.9 | 34.07    
2023-11-08 00:57:14.429 |  0.77   0.37   9.85 |  0.08   0.04   1.00 |   321    157   4156 |   0.0    0.0   -0.0 |   0.5    0.1   -0.1 |     9      1     -1 |   1.7  -21.1  -89.5 | 34.04    
2023-11-08 00:57:14.468 |  0.04  -0.00   9.38 |  0.00  -0.00   0.96 |    16     -2   3957 |   0.0   -0.0    0.0 |   0.7   -0.5    0.8 |    12     -9     13 |   2.2  -21.1  -91.3 | 34.06    
2023-11-08 00:57:14.506 |  1.37   0.97  10.05 |  0.14   0.10   1.02 |   571    407   4239 |   0.0   -0.0   -0.0 |   0.4   -0.7   -0.4 |     6    -12     -6 |   0.0  -18.9  -88.8 | 34.15    
2023-11-08 00:57:14.544 |  1.11   2.56  13.20 |  0.11   0.26   1.35 |   466   1072   5567 |  -0.3   -0.0    0.0 | -19.2   -2.8    2.3 |  -314    -46     38 |   0.5  -20.9  -91.1 | 34.10    
2023-11-08 00:57:14.582 |  2.97   0.64   9.07 |  0.30   0.06   0.92 |  1242    267   3825 |   0.4    0.5   -0.1 |  23.1   28.3   -4.8 |   379    464    -79 |   1.2  -21.1  -93.6 | 34.14    
2023-11-08 00:57:14.620 |  3.06  -0.37  11.63 |  0.31  -0.04   1.19 |  1279   -153   4907 |  -0.6    0.1    1.0 | -32.4    4.7   54.9 |  -531     77    900 |   0.7  -20.1  -93.2 | 34.17    
2023-11-08 00:57:14.659 | -4.24   0.41  22.15 | -0.43   0.04   2.26 | -1774    172   9343 |  -3.4    0.5   -0.8 |-193.1   27.3  -47.7 | -3164    448   -782 |  -1.7  -17.7  -95.0 | 34.22    
2023-11-08 00:57:14.697 |  1.58   0.55  16.95 |  0.16   0.06   1.73 |   661    231   7150 |  -7.0    1.1   -2.1 |-402.7   65.9 -118.3 | -6598   1079  -1939 |   2.2   -7.9  -96.0 | 34.22    
2023-11-08 00:57:14.736 |  1.19   1.24  14.94 |  0.12   0.13   1.52 |   496    520   6302 |  -9.5    1.7   -0.3 |-543.3   96.6  -18.7 | -8902   1582   -307 |   3.2   18.6  -94.6 | 34.19    
2023-11-08 00:57:14.774 |  1.20   0.54  11.60 |  0.12   0.06   1.18 |   500    226   4893 |  -8.5    1.7   -0.7 |-488.2   95.2  -38.8 | -7998   1559   -636 |   2.4   38.9  -81.8 | 34.27    
2023-11-08 00:57:14.812 |  3.66  -2.56   8.99 |  0.37  -0.26   0.92 |  1531  -1072   3791 |  -7.8    1.2   -0.7 |-445.3   68.7  -42.0 | -7296   1126   -688 |   2.2   51.9  -72.7 | 34.27    
2023-11-08 00:57:14.850 |  1.91  -2.49   4.94 |  0.19  -0.25   0.50 |   797  -1042   2085 |  -7.8    1.7   -0.2 |-449.0   95.4  -12.5 | -7356   1563   -205 |   5.6   63.6  -52.3 | 34.32    
2023-11-08 00:57:14.888 |  1.27  -0.58  -1.74 |  0.13  -0.06  -0.18 |   529   -244   -736 |  -6.8    1.6    0.0 |-389.4   91.7    0.5 | -6380   1502      9 |   5.6   67.5  -32.3 | 34.35    
2023-11-08 00:57:14.926 |  0.68  -0.22  -5.77 |  0.07  -0.02  -0.59 |   284    -94  -2434 |  -5.8   -0.3   -1.0 |-333.3  -19.0  -58.3 | -5460   -311   -956 |   5.1   68.0  -12.3 | 34.29    
2023-11-08 00:57:14.965 | -3.66  -0.45  -4.42 | -0.37  -0.05  -0.45 | -1532   -187  -1864 |  -5.4    1.5   -0.5 |-308.2   85.3  -26.6 | -5050   1397   -436 |   3.4   62.4    0.5 | 34.32    
2023-11-08 00:57:14.003 | -0.71   4.13 -12.26 | -0.07   0.42  -1.25 |  -296   1732  -5170 |  -4.9    1.3   -1.2 |-281.9   74.5  -71.5 | -4618   1221  -1172 |  -1.2   60.7   10.5 | 34.33    
2023-11-08 00:57:15.041 |  2.38   2.97 -18.06 |  0.24   0.30  -1.84 |   994   1245  -7618 |  -2.0    0.9   -1.7 |-113.3   50.9  -98.3 | -1857    834  -1610 |  -5.9   50.6   19.1 | 34.32    
2023-11-08 00:57:15.080 |  0.92   1.52 -19.00 |  0.09   0.15  -1.94 |   384    635  -8016 |  -0.3    1.8   -0.7 | -16.3  101.5  -42.5 |  -267   1663   -696 | -12.4   48.9   20.8 | 34.30    
2023-11-08 00:57:15.118 |  4.73   2.23 -21.41 |  0.48   0.23  -2.18 |  1979    933  -9031 |   1.2    2.4   -0.2 |  69.3  137.2  -11.2 |  1135   2248   -183 | -15.9   50.4   20.3 | 34.36    
2023-11-08 00:57:15.157 | 11.72  -3.51 -19.59 |  1.19  -0.36  -2.00 |  4900  -1472  -8262 |   4.0    1.4    1.3 | 231.8   79.2   75.8 |  3798   1297   1242 | -20.5   53.6   12.1 | 34.37    
2023-11-08 00:57:15.196 | 11.55  -1.59 -18.91 |  1.18  -0.16  -1.93 |  4828   -666  -7977 |   6.6   -1.3    1.7 | 375.7  -72.3   98.3 |  6156  -1184   1610 | -18.0   62.4    1.5 | 34.37    
2023-11-08 00:57:15.234 | 10.87   0.80 -11.17 |  1.11   0.08  -1.14 |  4545    337  -4712 |  11.6   -3.2    2.8 | 666.3 -184.0  163.0 | 10916  -3014   2670 | -12.7   66.3  -16.7 | 34.41    
2023-11-08 00:57:15.272 |  7.17  11.93   2.56 |  0.73   1.22   0.26 |  2999   4996   1080 |  15.9   -2.3    7.1 | 909.5 -129.9  407.7 | 14901  -2128   6679 |   0.2   64.6  -51.3 | 34.39    
2023-11-08 00:57:15.310 |  0.79  14.07  15.57 |  0.08   1.43   1.59 |   330   5894   6569 |  12.5   -3.0    6.8 | 714.5 -171.3  389.3 | 11706  -2806   6378 |  10.0   31.3  -83.9 | 34.40    
2023-11-08 00:57:15.348 | -9.22  12.55  16.64 | -0.94   1.28   1.70 | -3854   5257   7019 |   6.3   -2.7    3.0 | 360.5 -156.8  174.4 |  5907  -2569   2857 |   7.3    4.6  -95.3 | 34.43    
2023-11-08 00:57:15.387 | -3.14   7.45  15.33 | -0.32   0.76   1.56 | -1313   3122   6469 |   5.7   -1.1   -0.1 | 327.0  -62.8   -6.3 |  5358  -1029   -104 |   0.7  -14.3  -96.9 | 34.48    
2023-11-08 00:57:15.428 |  2.59   2.52  11.75 |  0.26   0.26   1.20 |  1082   1057   4956 |   2.2   -2.0    0.0 | 127.9 -114.2    2.7 |  2095  -1871     44 |  -0.5  -30.7 -100.9 | 34.46    
2023-11-08 00:57:15.466 | -1.29   3.45  18.41 | -0.13   0.35   1.88 |  -541   1445   7765 |  -0.5   -1.4    0.8 | -31.4  -82.6   47.7 |  -515  -1353    781 |  -9.3  -33.1 -104.6 | 34.45    
2023-11-08 00:57:15.506 | -3.52   2.51  22.33 | -0.36   0.26   2.28 | -1473   1050   9418 |  -3.2    0.6   -0.6 |-183.7   35.2  -33.7 | -3009    577   -552 | -10.7  -26.7 -102.3 | 34.48    
2023-11-08 00:57:15.545 |  0.48  -0.14  21.19 |  0.05  -0.01   2.16 |   199    -59   8937 |  -7.7    0.9   -0.9 |-438.6   50.5  -51.4 | -7186    827   -842 |  -4.4  -12.5 -104.1 | 34.47    
2023-11-08 00:57:15.583 |  1.17   2.00  17.70 |  0.12   0.20   1.80 |   490    839   7466 | -10.0    1.9   -0.6 |-571.0  107.8  -36.7 | -9356   1767   -602 |  -3.2   13.7  -94.1 | 34.49    
2023-11-08 00:57:15.621 |  3.81   4.66  10.69 |  0.39   0.48   1.09 |  1594   1953   4508 |  -9.0    2.3   -0.8 |-518.4  133.1  -47.7 | -8494   2181   -782 |   0.5   38.9  -79.9 | 34.49    
2023-11-08 00:57:15.660 |  3.63   2.46   3.83 |  0.37   0.25   0.39 |  1518   1031   1617 | -10.2    2.4   -1.1 |-587.1  138.9  -63.8 | -9619   2276  -1045 |   5.4   59.5  -58.5 | 34.45    
2023-11-08 00:57:15.698 |  0.69   1.95  -1.69 |  0.07   0.20  -0.17 |   288    815   -713 |  -8.8    1.3   -0.9 |-502.1   77.0  -54.2 | -8226   1261   -888 |   5.4   68.8  -36.7 | 34.51    
2023-11-08 00:57:15.737 | -2.05   2.98  -5.22 | -0.21   0.30  -0.53 |  -857   1249  -2200 |  -7.9    2.0   -1.1 |-452.2  114.2  -65.8 | -7409   1871  -1078 |   3.7   69.5  -15.1 | 34.50    
2023-11-08 00:57:15.775 | -3.04   6.78 -11.62 | -0.31   0.69  -1.18 | -1272   2839  -4900 |  -5.2    2.9   -2.4 |-295.7  163.6 -136.8 | -4844   2681  -2241 |  -3.2   63.6    4.0 | 34.48    
2023-11-08 00:57:15.813 |  2.11   6.08 -17.21 |  0.22   0.62  -1.75 |   882   2546  -7260 |  -1.7    4.6   -2.8 | -94.7  265.6 -160.0 | -1551   4352  -2621 | -12.7   58.5   11.7 | 34.55    
2023-11-08 00:57:15.851 |  8.07   0.20 -18.05 |  0.82   0.02  -1.84 |  3373     85  -7616 |   2.7    5.0   -1.9 | 155.0  284.4 -107.2 |  2539   4659  -1756 | -26.8   55.5    7.5 | 34.51    
2023-11-08 00:57:15.889 | 13.26  -7.08 -12.04 |  1.35  -0.72  -1.23 |  5544  -2968  -5079 |   3.8    4.8    0.9 | 217.8  277.6   53.0 |  3569   4548    869 | -36.6   57.0   -3.2 | 34.50    
2023-11-08 00:57:15.928 | 12.17 -11.26  -8.40 |  1.24  -1.15  -0.86 |  5091  -4717  -3543 |   3.9    2.2    1.6 | 225.0  125.9   92.5 |  3687   2063   1515 | -36.8   62.6  -14.1 | 34.52    
2023-11-08 00:57:15.966 | 15.69 -11.36  -6.09 |  1.60  -1.16  -0.62 |  6562  -4760  -2570 |   2.5   -0.2    1.3 | 142.9  -10.5   74.8 |  2342   -172   1225 | -31.5   62.6  -25.8 | 34.52    
2023-11-08 00:57:16.004 | 22.22 -10.30  -3.75 |  2.27  -1.05  -0.38 |  9291  -4317  -1583 |   3.1   -1.7    2.7 | 177.1  -96.3  154.9 |  2902  -1577   2538 | -27.8   63.9  -31.6 | 34.52    
2023-11-08 00:57:16.043 | 19.78  -9.78  -1.74 |  2.02  -1.00  -0.18 |  8270  -4098   -734 |   4.4   -3.4    9.4 | 252.3 -192.5  540.9 |  4133  -3154   8862 | -11.7   66.8  -39.0 | 34.58    
2023-11-08 00:57:16.082 | 14.12   1.13  10.29 |  1.44   0.12   1.05 |  5904    475   4341 |   3.9   -4.5   12.7 | 225.4 -257.3  727.5 |  3693  -4216  11920 |  12.2   59.0  -52.0 | 34.55    
2023-11-08 00:57:16.120 |  4.68   6.38  11.49 |  0.48   0.65   1.17 |  1959   2673   4847 |   2.3   -2.4   11.9 | 131.9 -139.6  682.7 |  2161  -2288  11186 |  33.4   41.1  -64.4 | 34.57    
2023-11-08 00:57:16.159 | -4.01   6.60   8.10 | -0.41   0.67   0.83 | -1678   2763   3417 |  -1.8   -2.6    7.0 |-103.1 -148.7  399.5 | -1689  -2436   6545 |  39.0   27.1  -68.3 | 34.60    
2023-11-08 00:57:16.197 | -9.11  11.70   3.27 | -0.93   1.19   0.33 | -3809   4900   1381 |   0.5   -2.1    4.6 |  29.7 -117.7  262.2 |   487  -1928   4296 |  40.2   18.6  -71.8 | 34.57    
2023-11-08 00:57:16.236 |-14.64  10.77   9.02 | -1.49   1.10   0.92 | -6122   4511   3806 |   2.9   -2.4    3.4 | 165.6 -135.1  197.3 |  2714  -2214   3232 |  39.0    2.2  -76.2 | 34.53    
2023-11-08 00:57:16.274 |-19.40  13.42  12.26 | -1.98   1.37   1.25 | -8112   5623   5170 |  -0.8   -0.2   -0.2 | -48.2  -10.9   -9.3 |  -790   -178   -153 |  35.4   -1.5  -76.4 | 34.56    
2023-11-08 00:57:16.313 |-16.34  13.99   9.56 | -1.67   1.43   0.97 | -6834   5862   4031 |  -1.1    2.0   -3.8 | -63.7  115.3 -216.2 | -1043   1889  -3543 |  37.8    2.4  -76.4 | 34.61    
2023-11-08 00:57:16.351 |-10.16   8.48   7.59 | -1.04   0.86   0.77 | -4248   3552   3201 |  -1.2    2.2   -6.8 | -66.5  123.2 -391.7 | -1089   2019  -6417 |  37.8   17.1  -74.1 | 34.60    
2023-11-08 00:57:16.389 | -8.32   4.97   8.84 | -0.85   0.51   0.90 | -3480   2084   3728 |  -1.3    3.4   -8.8 | -73.4  197.0 -503.2 | -1203   3227  -8245 |  39.0   27.6  -72.0 | 34.61    
2023-11-08 00:57:16.428 | -0.50   3.25   7.61 | -0.05   0.33   0.78 |  -211   1361   3211 |  -2.2    5.1  -11.2 |-125.7  290.3 -641.8 | -2059   4756 -10516 |  27.8   49.2  -60.9 | 34.63    
2023-11-08 00:57:16.467 | 16.23   5.54   0.45 |  1.66   0.56   0.05 |  6788   2321    190 |  -3.2    2.8  -13.0 |-182.5  159.1 -746.9 | -2990   2606 -12238 |   9.0   65.1  -50.4 | 34.60    
2023-11-08 00:57:16.506 | 25.92  -6.69  -2.75 |  2.64  -0.68  -0.28 | 10839  -2804  -1158 |  -2.5    0.2   -9.7 |-142.5   11.8 -554.4 | -2335    194  -9084 | -23.9   64.8  -39.0 | 34.63    
2023-11-08 00:57:16.545 | 29.37  -2.43  -9.98 |  3.00  -0.25  -1.02 | 12283  -1019  -4210 |  -1.1    1.4   -2.3 | -61.3   78.1 -132.8 | -1005   1279  -2176 | -40.2   57.7  -35.5 | 34.61    
2023-11-08 00:57:16.583 | 28.16  -2.81  -9.47 |  2.87  -0.29  -0.97 | 11775  -1176  -3996 |   2.1    1.7    4.6 | 117.6   99.1  263.4 |  1926   1624   4315 | -37.3   58.7  -39.2 | 34.61    
2023-11-08 00:57:16.621 | 23.08  -5.84   0.18 |  2.35  -0.60   0.02 |  9653  -2447     76 |   2.9   -4.0   12.6 | 167.4 -228.4  719.4 |  2742  -3742  11787 | -20.2   63.1  -43.4 | 34.61    
2023-11-08 00:57:16.659 | 11.69  -0.07   4.52 |  1.19  -0.01   0.46 |  4888    -28   1907 |   2.2   -6.6   13.7 | 125.9 -377.6  785.2 |  2063  -6187  12865 |  10.5   62.2  -50.9 | 34.63    
2023-11-08 00:57:16.696 | -1.32   2.44   9.46 | -0.13   0.25   0.96 |  -552   1023   3989 |   2.0   -6.6   11.7 | 112.3 -375.9  671.5 |  1840  -6158  11002 |  26.8   47.7  -62.7 | 34.62    
2023-11-08 00:57:16.734 |-11.31   5.41  12.42 | -1.15   0.55   1.27 | -4729   2267   5241 |   0.7   -5.6    6.4 |  38.0 -322.7  368.6 |   623  -5287   6039 |  27.1   27.4  -74.6 | 34.62    
2023-11-08 00:57:16.773 |-12.49   5.71  13.46 | -1.27   0.58   1.37 | -5223   2392   5678 |   0.4   -3.0    3.2 |  22.9 -173.3  180.7 |   375  -2839   2961 |  25.1   20.5  -78.8 | 34.65    
2023-11-08 00:57:16.811 |-14.91   7.64  14.86 | -1.52   0.78   1.51 | -6235   3199   6267 |  -0.2   -1.2    1.0 | -10.4  -68.9   54.9 |  -170  -1129    900 |  24.6   13.7  -80.2 | 34.66    
2023-11-08 00:57:16.848 |-17.36  11.67  14.79 | -1.77   1.19   1.51 | -7258   4891   6239 |  -0.7    0.7   -1.1 | -38.6   41.7  -62.7 |  -632    683  -1028 |  22.4   14.9  -80.9 | 34.66    
2023-11-08 00:57:16.887 |-16.44   8.99  13.80 | -1.68   0.92   1.41 | -6874   3765   5820 |  -0.4    3.3   -4.1 | -25.7  187.7 -232.4 |  -421   3076  -3808 |  25.1   20.5  -79.7 | 34.66    
2023-11-08 00:57:16.925 | -7.96   6.47  10.55 | -0.81   0.66   1.08 | -3328   2710   4450 |  -2.3    5.0   -7.5 |-134.5  286.6 -427.7 | -2204   4696  -7007 |  25.4   36.4  -69.7 | 34.64    
2023-11-08 00:57:16.963 | -0.72   4.06   6.63 | -0.07   0.41   0.68 |  -301   1699   2798 |  -3.2    6.2   -9.4 |-183.7  357.5 -535.8 | -3010   5858  -8778 |  24.1   49.4  -63.0 | 34.62    
2023-11-08 00:57:16.001 | 11.92   2.80   3.89 |  1.22   0.29   0.40 |  4983   1174   1639 |  -2.5    6.0  -10.4 |-141.0  343.4 -597.1 | -2310   5627  -9783 |  12.9   62.6  -50.9 | 34.66    
2023-11-08 00:57:17.039 | 22.54  -3.64  -2.93 |  2.30  -0.37  -0.30 |  9425  -1523  -1235 |  -2.4    3.9   -9.3 |-140.2  222.5 -532.7 | -2297   3646  -8727 |  -9.8   70.2  -44.6 | 34.68    
2023-11-08 00:57:17.077 | 27.77  -7.68 -13.32 |  2.83  -0.78  -1.36 | 11613  -3216  -5621 |  -1.1    2.1   -3.5 | -62.4  117.6 -198.9 | -1023   1926  -3259 | -26.6   62.6  -36.4 | 34.73    
2023-11-08 00:57:17.115 | 24.25  -3.90  -9.61 |  2.47  -0.40  -0.98 | 10142  -1633  -4052 |   2.8   -0.2    1.8 | 160.3   -9.2  105.5 |  2626   -151   1729 | -27.8   64.8  -38.5 | 34.71    
2023-11-08 00:57:17.153 | 21.30  -5.92  -5.13 |  2.17  -0.60  -0.52 |  8906  -2481  -2165 |   4.9   -2.6    6.8 | 279.9 -149.7  388.5 |  4586  -2452   6366 | -21.5   62.9  -49.2 | 34.65    
2023-11-08 00:57:17.191 | 14.36   0.42  -0.70 |  1.46   0.04  -0.07 |  6003    176   -296 |   7.3   -7.1   10.0 | 418.5 -407.5  573.1 |  6856  -6676   9390 |  -7.1   56.8  -62.5 | 34.71    
2023-11-08 00:57:17.229 | -0.78   5.79  13.75 | -0.08   0.59   1.40 |  -325   2427   5799 |   7.4   -5.9    9.5 | 421.9 -340.5  545.1 |  6913  -5579   8931 |  -2.7   41.6  -78.8 | 34.66    
2023-11-08 00:57:17.268 |-15.15  10.81  15.74 | -1.55   1.10   1.61 | -6337   4528   6641 |   4.4   -2.7    4.7 | 252.1 -157.5  269.7 |  4131  -2581   4418 |  -2.7   23.9  -88.5 | 34.68    
2023-11-08 00:57:17.306 |-14.09   4.11  19.99 | -1.44   0.42   2.04 | -5893   1723   8433 |   3.7   -1.6   -1.9 | 212.9  -90.0 -110.6 |  3488  -1474  -1812 | -10.7   12.4  -89.2 | 34.71    
2023-11-08 00:57:17.344 |-18.39   1.71  33.89 | -1.87   0.17   3.46 | -7688    716  14298 |  -0.5    2.5   -2.7 | -26.0  144.4 -153.6 |  -426   2366  -2517 | -10.0    7.8  -91.3 | 34.73    
2023-11-08 00:57:17.383 | -2.41   8.65  22.71 | -0.25   0.88   2.32 | -1007   3623   9581 |  -5.0    5.1   -4.8 |-287.0  293.0 -277.5 | -4703   4801  -4547 |  -1.2   14.6  -93.2 | 34.73    
2023-11-08 00:57:17.421 |  0.49   0.12  14.87 |  0.05   0.01   1.52 |   205     50   6274 |  -6.2    5.8   -4.2 |-357.4  330.4 -243.5 | -5855   5413  -3989 |  12.7   33.0  -83.7 | 34.71    
2023-11-08 00:57:17.459 |  3.32   3.98   4.89 |  0.34   0.41   0.50 |  1390   1667   2063 |  -8.5    3.1   -5.9 |-489.1  174.8 -339.3 | -8014   2864  -5559 |  15.1   53.1  -67.4 | 34.72    
2023-11-08 00:57:17.497 |  6.58   2.84  -1.71 |  0.67   0.29  -0.17 |  2751   1190   -722 |  -7.8    1.5   -6.5 |-447.1   85.8 -373.1 | -7326   1406  -6113 |   4.6   67.5  -47.1 | 34.71    
2023-11-08 00:57:17.536 |  9.55   3.49 -12.65 |  0.97   0.36  -1.29 |  3992   1464  -5338 |  -6.9    0.4   -4.8 |-393.3   24.6 -272.6 | -6444    403  -4467 |  -7.1   69.5  -27.1 | 34.74    
2023-11-08 00:57:17.574 | 10.56  -0.46 -19.27 |  1.08  -0.05  -1.97 |  4417   -191  -8131 |  -2.2    0.3   -2.1 |-127.8   17.8 -122.6 | -2094    292  -2008 | -15.9   65.1  -11.8 | 34.76    
2023-11-08 00:57:17.613 | 11.17  -0.22 -21.12 |  1.14  -0.02  -2.15 |  4669    -94  -8911 |   2.2    0.6    1.0 | 127.1   32.6   55.4 |  2082    534    908 | -21.5   65.3   -9.7 | 34.74    
2023-11-08 00:57:17.651 |  9.97  -0.90 -14.71 |  1.02  -0.09  -1.50 |  4171   -379  -6206 |   5.6   -2.3    1.1 | 323.0 -130.9   61.6 |  5292  -2145   1010 | -18.0   67.3  -19.5 | 34.75    
2023-11-08 00:57:17.689 |  9.96  -1.27  -6.27 |  1.02  -0.13  -0.64 |  4163   -532  -2646 |   7.3   -3.6    1.7 | 418.0 -204.5   97.4 |  6849  -3351   1595 | -15.4   65.1  -40.6 | 34.71    
2023-11-08 00:57:17.728 |  7.83   4.76   6.23 |  0.80   0.49   0.64 |  3275   1995   2630 |  13.0   -3.1    1.9 | 742.7 -175.5  110.7 | 12168  -2875   1814 | -15.6   54.1  -65.0 | 34.81    
2023-11-08 00:57:17.766 |  0.79   9.45  20.26 |  0.08   0.96   2.07 |   331   3960   8547 |  16.1    1.8    6.9 | 923.7  105.2  393.9 | 15134   1723   6453 |  -8.8   32.5  -87.4 | 34.76    
2023-11-08 00:57:17.805 | -8.38   2.37  26.09 | -0.85   0.24   2.66 | -3506    993  11004 |   5.7   -2.4    3.1 | 328.1 -138.3  178.1 |  5375  -2266   2918 |  -6.1   -2.0 -105.3 | 34.77    
2023-11-08 00:57:17.842 | -6.16   6.03  23.24 | -0.63   0.62   2.37 | -2574   2528   9802 |   1.1   -1.5   -0.1 |  61.6  -83.5   -6.6 |  1009  -1368   -108 | -20.5  -10.6 -110.2 | 34.76    
2023-11-08 00:57:17.880 | -3.18   1.29  25.96 | -0.32   0.13   2.65 | -1328    541  10950 |  -1.1    0.9   -1.5 | -65.4   52.7  -86.4 | -1071    864  -1416 | -19.0  -14.0 -110.6 | 34.78    
2023-11-08 00:57:17.918 | -0.00  -2.88  26.51 | -0.00  -0.29   2.70 |    -2  -1206  11183 |  -7.0    2.2   -2.0 |-401.9  123.5 -114.2 | -6585   2023  -1871 |  -8.5    0.9  -98.8 | 34.76    
2023-11-08 00:57:17.957 |  5.85   1.68  18.91 |  0.60   0.17   1.93 |  2445    702   7978 | -11.4    2.1   -0.8 |-652.3  119.1  -44.7 |-10688   1952   -732 |  -4.4   19.8  -91.1 | 34.74    
2023-11-08 00:57:17.995 |  5.93   7.01   7.65 |  0.60   0.72   0.78 |  2480   2938   3227 | -11.5    3.5    1.0 |-658.8  199.8   57.8 |-10793   3273    947 |   2.7   49.4  -71.8 | 34.82    
2023-11-08 00:57:18.033 |  5.36   4.44   0.40 |  0.55   0.45   0.04 |  2240   1859    169 |  -9.5    3.7    0.8 |-545.5  209.5   46.6 | -8937   3433    763 |  12.0   65.6  -47.6 | 34.76    
2023-11-08 00:57:18.071 |  0.36   6.84  -4.43 |  0.04   0.70  -0.45 |   150   2864  -1868 |  -9.5    2.3   -0.4 |-542.8  131.8  -24.4 | -8894   2160   -399 |  12.7   66.3  -17.1 | 34.78    
2023-11-08 00:57:18.110 |  1.27   6.04 -11.72 |  0.13   0.62  -1.19 |   530   2530  -4942 |  -7.4    1.0   -1.2 |-421.3   55.2  -66.4 | -6903    904  -1088 |   9.3   59.5    7.5 | 34.78    
2023-11-08 00:57:18.148 | -0.44   4.42 -15.09 | -0.04   0.45  -1.54 |  -182   1852  -6367 |  -3.5    2.0    0.0 |-200.1  112.2    0.8 | -3278   1838     13 |   8.0   52.8   18.4 | 34.84    
2023-11-08 00:57:18.187 | -1.07   3.87 -14.02 | -0.11   0.39  -1.43 |  -448   1622  -5913 |  -1.7    2.4   -0.7 | -99.9  136.2  -41.3 | -1636   2232   -676 |   3.9   50.2   23.3 | 34.84    
2023-11-08 00:57:18.225 |  1.86   3.80 -19.62 |  0.19   0.39  -2.00 |   777   1594  -8276 |  -0.4    2.9   -0.9 | -22.3  163.8  -53.3 |  -366   2683   -874 |  -4.6   45.5   25.9 | 34.79    
2023-11-08 00:57:18.263 |  5.46   1.92 -23.34 |  0.56   0.20  -2.38 |  2282    804  -9844 |   3.0    1.5   -0.6 | 170.2   86.5  -31.8 |  2788   1418   -521 | -12.2   48.2   23.3 | 34.81    
2023-11-08 00:57:18.301 |  9.48  -0.16 -19.39 |  0.97  -0.02  -1.98 |  3966    -67  -8179 |   5.6   -0.2    0.1 | 319.8  -13.5    3.5 |  5239   -221     58 | -15.1   57.5   14.0 | 34.79    
2023-11-08 00:57:18.340 |  9.75   1.28 -14.27 |  0.99   0.13  -1.45 |  4076    535  -6019 |   8.0   -2.4    0.4 | 458.4 -139.9   22.5 |  7511  -2292    369 | -13.4   64.1    0.8 | 34.81    
2023-11-08 00:57:18.378 | 12.69   0.91  -7.82 |  1.29   0.09  -0.80 |  5305    381  -3299 |  10.1   -4.4    1.4 | 581.5 -251.3   82.9 |  9527  -4118   1358 |  -9.3   66.8  -19.5 | 34.78    
2023-11-08 00:57:18.417 |  9.03  10.68   5.96 |  0.92   1.09   0.61 |  3776   4474   2514 |  14.7   -2.5    4.2 | 843.4 -142.2  238.7 | 13818  -2329   3911 |  -5.4   60.4  -57.1 | 34.84    
2023-11-08 00:57:18.455 | -2.38  12.65  13.59 | -0.24   1.29   1.39 |  -997   5300   5732 |  12.6   -1.3    6.8 | 721.7  -77.2  389.0 | 11825  -1265   6374 |   0.7   31.3  -86.7 | 34.80    
2023-11-08 00:57:18.492 |  0.59  10.19  15.24 |  0.06   1.04   1.55 |   246   4271   6431 |   8.5   -4.4    3.2 | 487.9 -250.7  181.9 |  7994  -4107   2980 |   0.2    2.9  -99.2 | 34.82    
2023-11-08 00:57:18.530 |  2.99   7.77  20.45 |  0.31   0.79   2.09 |  1252   3254   8628 |   4.9   -4.3    1.3 | 282.3 -245.8   75.0 |  4626  -4028   1229 | -16.8  -11.8 -102.5 | 34.81    
2023-11-08 00:57:18.569 | -4.76   8.81  28.39 | -0.49   0.90   2.90 | -1989   3689  11978 |   3.5   -0.6    1.9 | 199.2  -36.9  109.6 |  3264   -605   1795 | -35.4  -26.0 -106.7 | 34.83    
2023-11-08 00:57:18.607 | -3.98   7.65  25.53 | -0.41   0.78   2.60 | -1666   3207  10770 |  -2.9    1.8   -1.0 |-165.3  104.2  -59.9 | -2709   1707   -981 | -32.0  -26.0 -104.8 | 34.82    
2023-11-08 00:57:18.645 |  1.07  12.23  22.20 |  0.11   1.25   2.26 |   446   5125   9366 |  -6.7    3.1   -2.1 |-384.6  176.3 -121.1 | -6301   2889  -1984 | -18.0  -15.5 -101.8 | 34.84    
2023-11-08 00:57:18.683 |  4.68   3.61  21.49 |  0.48   0.37   2.19 |  1956   1513   9064 |  -9.1    3.8   -2.1 |-519.3  217.5 -122.1 | -8509   3563  -2001 |  -4.6   10.7  -95.0 | 34.81    
2023-11-08 00:57:18.721 |  7.56   6.12  13.36 |  0.77   0.62   1.36 |  3163   2565   5635 | -11.3    4.5   -0.9 |-647.6  260.4  -54.2 |-10610   4266   -888 |   4.1   29.3  -87.1 | 34.81    
2023-11-08 00:57:18.760 |  4.24   7.68   4.84 |  0.43   0.78   0.49 |  1774   3217   2040 | -11.1    4.0   -1.3 |-634.3  228.9  -74.6 |-10393   3751  -1222 |  10.7   56.5  -61.3 | 34.81    
2023-11-08 00:57:18.798 |  3.64   7.18  -1.91 |  0.37   0.73  -0.19 |  1524   3006   -805 | -10.2    3.4   -1.2 |-582.1  193.7  -71.4 | -9537   3173  -1169 |  17.3   66.6  -30.4 | 34.81    
2023-11-08 00:57:18.836 |  1.65   8.37  -9.08 |  0.17   0.85  -0.93 |   692   3508  -3832 |  -8.9    3.2   -1.6 |-507.7  186.1  -90.8 | -8318   3049  -1488 |  10.7   62.9   -1.8 | 34.85    
2023-11-08 00:57:18.875 |  2.74   9.07 -16.53 |  0.28   0.92  -1.69 |  1147   3800  -6975 |  -5.1    3.4   -1.7 |-291.6  196.0  -96.4 | -4777   3212  -1580 |   2.9   54.1   16.3 | 34.85    
2023-11-08 00:57:18.913 |  3.67   4.21 -18.86 |  0.37   0.43  -1.92 |  1534   1762  -7955 |  -0.4    4.6   -0.3 | -23.1  264.8  -17.1 |  -378   4339   -280 |  -9.8   50.2   22.8 | 34.79    
2023-11-08 00:57:18.952 |  5.10   3.25 -16.22 |  0.52   0.33  -1.65 |  2132   1363  -6841 |   1.1    3.7   -1.1 |  60.5  210.8  -64.3 |   991   3454  -1053 | -15.9   52.4   19.8 | 34.82    
2023-11-08 00:57:18.990 | 10.74  -0.04 -19.06 |  1.09  -0.00  -1.94 |  4489    -15  -8041 |   1.2    1.1   -2.0 |  69.6   63.5 -116.9 |  1140   1040  -1916 | -23.2   50.9   15.6 | 34.79    
2023-11-08 00:57:19.028 | 13.77  -0.41 -18.72 |  1.40  -0.04  -1.91 |  5756   -173  -7895 |   3.0    0.2   -0.1 | 171.1   11.7   -7.8 |  2804    191   -127 | -30.5   54.3   12.8 | 34.80    
2023-11-08 00:57:19.067 | 12.73   1.76 -15.99 |  1.30   0.18  -1.63 |  5324    739  -6744 |   6.2   -0.9    1.4 | 355.1  -50.0   82.7 |  5818   -820   1355 | -27.6   59.7    1.2 | 34.77    
2023-11-08 00:57:19.105 | 13.39   1.08  -6.72 |  1.37   0.11  -0.69 |  5598    454  -2834 |   9.1   -3.5    2.8 | 519.5 -202.3  159.2 |  8511  -3314   2609 | -20.0   65.8  -17.1 | 34.84    
2023-11-08 00:57:19.143 | 13.55   3.11   2.59 |  1.38   0.32   0.26 |  5665   1303   1092 |   9.5   -6.6    2.8 | 544.6 -377.9  161.9 |  8923  -6192   2652 | -14.1   66.3  -36.7 | 34.85    
2023-11-08 00:57:19.181 |  5.57  -1.57  16.93 |  0.57  -0.16   1.73 |  2330   -658   7142 |  11.1   -1.7    5.5 | 637.1  -98.3  316.3 | 10438  -1611   5183 | -14.4   55.8  -64.4 | 34.77    
2023-11-08 00:57:19.219 | -4.93   0.74  20.74 | -0.50   0.08   2.11 | -2061    312   8749 |   8.3    1.6    8.3 | 476.2   94.4  473.8 |  7802   1547   7763 |   2.4   35.5  -84.6 | 34.79    
2023-11-08 00:57:19.257 |-20.17   2.49  26.41 | -2.06   0.25   2.69 | -8434   1044  11141 |  -0.2    0.1    3.4 | -13.5    5.4  192.0 |  -221     88   3146 |   9.5   21.5  -88.5 | 34.82    
2023-11-08 00:57:19.295 |-10.58   2.30  19.02 | -1.08   0.23   1.94 | -4426    963   8022 |  -3.4    2.2   -1.0 |-197.2  125.2  -55.7 | -3231   2051   -913 |  15.1   29.6  -85.0 | 34.80    
2023-11-08 00:57:19.333 | -2.37  -4.82  13.27 | -0.24  -0.49   1.35 |  -990  -2018   5598 |  -3.9    4.9   -2.8 |-223.6  278.0 -162.7 | -3664   4554  -2665 |  19.0   37.4  -80.4 | 34.83    
2023-11-08 00:57:19.376 | 12.72  -9.24  -0.90 |  1.30  -0.94  -0.09 |  5320  -3869   -380 |  -5.5    4.8   -2.9 |-315.5  277.5 -168.6 | -5169   4547  -2763 |  26.1   50.4  -64.4 | 34.78    
2023-11-08 00:57:19.413 | 11.14 -10.28 -12.79 |  1.14  -1.05  -1.30 |  4658  -4308  -5396 |  -3.2    0.8    1.3 |-186.0   44.9   75.5 | -3047    736   1237 |  26.3   57.0  -48.3 | 34.82    
2023-11-08 00:57:19.451 | 10.96  -5.17  -7.60 |  1.12  -0.53  -0.77 |  4585  -2164  -3204 |  -0.5   -3.4    6.8 | -30.3 -192.2  388.7 |  -497  -3149   6368 |  34.1   53.1  -44.1 | 34.83    
2023-11-08 00:57:19.489 |  6.46   6.96  -0.04 |  0.66   0.71  -0.00 |  2703   2914    -18 |   1.0   -7.0    8.5 |  55.7 -403.8  487.5 |   913  -6616   7987 |  44.9   35.0  -53.0 | 34.84    
2023-11-08 00:57:19.526 |-11.81  11.05   7.53 | -1.20   1.13   0.77 | -4940   4631   3175 |   2.3   -6.4    7.0 | 133.4 -367.6  399.3 |  2185  -6023   6542 |  47.6   24.4  -68.5 | 34.82    
2023-11-08 00:57:19.564 |-24.86   9.72  15.08 | -2.54   0.99   1.54 |-10396   4072   6363 |   2.3   -4.5    1.2 | 129.4 -255.6   66.0 |  2120  -4188   1081 |  35.9    5.8  -80.2 | 34.85    
2023-11-08 00:57:19.603 |-13.66   1.15  16.84 | -1.39   0.12   1.72 | -5713    481   7102 |  -0.3   -0.9   -1.0 | -15.1  -49.3  -57.8 |  -247   -807   -947 |  29.5    4.4  -84.8 | 34.86    
2023-11-08 00:57:19.641 |-17.93   5.49  14.07 | -1.83   0.56   1.43 | -7498   2301   5935 |  -2.3    1.1   -1.3 |-131.0   64.3  -75.2 | -2147   1053  -1232 |  31.2    9.0  -82.3 | 34.85    
2023-11-08 00:57:19.679 |-20.39  10.40  12.12 | -2.08   1.06   1.24 | -8527   4357   5112 |  -2.7    2.6   -4.2 |-155.6  146.7 -241.5 | -2550   2403  -3956 |  31.7   17.8  -79.9 | 34.89    
2023-11-08 00:57:19.718 | -9.82  12.40  11.33 | -1.00   1.26   1.16 | -4107   5193   4779 |  -3.4    4.6   -8.0 |-193.4  261.3 -461.0 | -3169   4281  -7553 |  31.7   35.5  -68.8 | 34.83    
2023-11-08 00:57:19.756 |  5.07  10.63   3.28 |  0.52   1.08   0.33 |  2119   4452   1383 |  -3.5    4.8  -10.3 |-202.0  276.1 -587.6 | -3309   4524  -9627 |  27.6   52.8  -63.0 | 34.84    
2023-11-08 00:57:19.794 | 18.44   5.94  -2.48 |  1.88   0.61  -0.25 |  7710   2490  -1047 |  -2.5    6.0  -10.5 |-140.7  341.0 -601.5 | -2306   5587  -9855 |   7.3   65.3  -49.7 | 34.86    
2023-11-08 00:57:19.833 | 23.76  -8.01  -4.57 |  2.42  -0.82  -0.47 |  9935  -3357  -1926 |   0.1    4.5   -6.7 |   8.2  259.4 -382.4 |   135   4250  -6266 | -11.5   68.0  -44.8 | 34.79    
2023-11-08 00:57:19.871 | 28.71 -11.26  -5.13 |  2.93  -1.15  -0.52 | 12006  -4718  -2162 |   1.0    3.4   -0.1 |  54.7  197.6   -8.1 |   896   3237   -133 | -18.0   63.9  -49.2 | 34.84    
2023-11-08 00:57:19.908 | 31.57 -22.47  -5.61 |  3.22  -2.29  -0.57 | 13200  -9414  -2366 |   2.4   -1.8    4.2 | 135.1 -100.6  241.1 |  2214  -1648   3950 | -12.2   63.4  -52.0 | 34.82    
2023-11-08 00:57:19.947 | 23.06  -9.77   1.37 |  2.35  -1.00   0.14 |  9641  -4095    577 |   1.9   -6.6   10.4 | 108.3 -376.2  595.3 |  1775  -6164   9753 |  -2.7   61.2  -57.4 | 34.84    
2023-11-08 00:57:19.985 | 20.43   7.96  11.15 |  2.08   0.81   1.14 |  8542   3333   4705 |   3.6  -10.2   11.7 | 206.4 -585.8  669.5 |  3382  -9598  10969 |  10.2   51.6  -69.7 | 34.77    
2023-11-08 00:57:20.024 | -9.02  12.16  19.25 | -0.92   1.24   1.96 | -3771   5096   8121 |   3.3   -3.4   10.9 | 189.1 -192.9  627.1 |  3099  -3160  10274 |  17.6   32.5  -76.7 | 34.81    
2023-11-08 00:57:20.063 |-20.24  12.87  14.51 | -2.06   1.31   1.48 | -8465   5391   6119 |   0.2   -2.2    3.3 |   9.5 -123.6  191.3 |   155  -2025   3134 |  22.7   21.0  -83.9 | 34.81    
2023-11-08 00:57:20.101 | -7.77   6.79  13.68 | -0.79   0.69   1.39 | -3250   2846   5771 |  -0.2   -2.1    0.3 |  -9.8 -120.2   19.9 |  -161  -1969    326 |  21.0   20.3  -85.5 | 34.82    
2023-11-08 00:57:20.139 |-14.61  10.45  18.33 | -1.49   1.07   1.87 | -6111   4380   7734 |  -1.1    0.1    0.2 | -61.6    4.2    8.9 | -1010     68    145 |  18.5   17.8  -86.0 | 34.78    
2023-11-08 00:57:20.178 |-20.88  13.55  18.91 | -2.13   1.38   1.93 | -8731   5676   7978 |  -1.4    3.4   -2.8 | -83.1  197.1 -159.3 | -1361   3229  -2610 |  18.8   23.9  -83.4 | 34.82    
2023-11-08 00:57:20.216 | -7.43  11.42  13.88 | -0.76   1.16   1.42 | -3106   4785   5856 |  -2.4    6.6   -6.6 |-137.9  379.9 -379.4 | -2259   6224  -6216 |  22.9   33.0  -76.7 | 34.81    
2023-11-08 00:57:20.252 |  2.10   5.16   6.52 |  0.21   0.53   0.66 |   880   2163   2750 |  -2.6    7.9   -8.9 |-148.0  453.1 -511.2 | -2425   7424  -8375 |  21.2   49.9  -63.0 | 34.80    
2023-11-08 00:57:20.289 | 13.40   3.91   6.47 |  1.37   0.40   0.66 |  5604   1640   2730 |  -2.1    6.2  -10.5 |-121.1  354.2 -602.4 | -1984   5803  -9870 |  14.9   61.2  -58.3 | 34.86    
2023-11-08 00:57:20.327 | 31.94  -0.62  -8.40 |  3.26  -0.06  -0.86 | 13355   -258  -3543 |  -3.8    4.8  -10.6 |-219.4  273.5 -606.8 | -3594   4481  -9941 |  -6.8   65.8  -47.4 | 34.85    
2023-11-08 00:57:20.366 | 36.78 -17.33 -16.04 |  3.75  -1.77  -1.64 | 15378  -7260  -6768 |   1.1    2.5   -1.7 |  62.5  141.0 -100.2 |  1024   2310  -1641 | -22.0   63.9  -41.3 | 34.82    
2023-11-08 00:57:20.403 | 29.10 -13.83  -4.74 |  2.97  -1.41  -0.48 | 12168  -5793  -1998 |   3.8   -0.9    6.9 | 219.2  -49.4  395.6 |  3592   -809   6482 | -15.6   60.4  -50.2 | 34.79    
2023-11-08 00:57:20.442 | 18.21  -9.17   0.21 |  1.86  -0.93   0.02 |  7614  -3841     89 |   2.2   -6.5    9.2 | 126.6 -373.1  527.3 |  2074  -6113   8640 |   0.0   59.0  -58.5 | 34.84    
2023-11-08 00:57:20.481 | 18.93   3.27   7.63 |  1.93   0.33   0.78 |  7915   1370   3218 |   3.3   -9.2    9.8 | 187.4 -526.4  562.6 |  3071  -8625   9217 |   6.3   53.6  -65.5 | 34.84    
2023-11-08 00:57:20.519 | -0.30   7.26  15.96 | -0.03   0.74   1.63 |  -125   3040   6731 |   3.8   -4.8    9.5 | 216.8 -275.0  546.8 |  3552  -4505   8959 |  10.2   38.9  -79.9 | 34.81    
2023-11-08 00:57:20.557 |-11.19  10.63  16.51 | -1.14   1.08   1.68 | -4680   4452   6963 |   1.3   -5.4    4.8 |  76.0 -311.2  272.6 |  1245  -5098   4466 |  13.2   26.2  -84.1 | 34.85    
2023-11-08 00:57:20.596 |-14.56   8.97  23.09 | -1.49   0.91   2.35 | -6090   3758   9739 |   0.7   -3.0    1.0 |  41.4 -171.4   58.7 |   678  -2809    961 |   5.9   20.3  -89.2 | 34.83    
2023-11-08 00:57:20.634 |-11.48   8.53  22.83 | -1.17   0.87   2.33 | -4799   3572   9630 |  -0.8    0.7   -0.7 | -43.3   37.5  -39.6 |  -709    614   -649 |   4.4   21.3  -89.7 | 34.80    
2023-11-08 00:57:20.672 |-13.96   9.31  20.70 | -1.42   0.95   2.11 | -5837   3900   8734 |  -2.2    3.1   -2.1 |-128.1  177.6 -122.7 | -2098   2910  -2011 |   5.4   25.2  -86.0 | 34.82    
2023-11-08 00:57:20.711 |-10.16   9.07  16.13 | -1.04   0.93   1.64 | -4250   3801   6803 |  -4.1    6.1   -4.9 |-235.4  346.9 -278.7 | -3857   5683  -4567 |  11.0   33.3  -80.2 | 34.77    
2023-11-08 00:57:20.749 |  2.42   8.25   8.76 |  0.25   0.84   0.89 |  1011   3456   3697 |  -4.3    8.2   -7.1 |-245.4  467.2 -406.4 | -4020   7655  -6659 |  14.6   48.2  -69.2 | 34.82    
2023-11-08 00:57:20.787 | 13.93   5.37   4.75 |  1.42   0.55   0.48 |  5823   2249   2003 |  -3.3    8.0   -8.8 |-186.2  458.4 -505.7 | -3051   7511  -8285 |   7.6   60.7  -56.0 | 34.80    
2023-11-08 00:57:20.825 | 32.04   0.34 -10.83 |  3.27   0.04  -1.10 | 13396    144  -4568 |  -3.5    7.3   -9.1 |-202.6  417.4 -520.0 | -3319   6839  -8519 |  -6.1   66.1  -47.1 | 34.82    
2023-11-08 00:57:20.864 | 31.30 -16.87 -12.52 |  3.19  -1.72  -1.28 | 13088  -7067  -5281 |   1.9    3.6   -0.8 | 108.8  204.7  -47.1 |  1782   3353   -771 | -15.9   65.1  -45.7 | 34.76    
2023-11-08 00:57:20.902 | 23.53 -16.10  -4.00 |  2.40  -1.64  -0.41 |  9838  -6746  -1689 |   1.6   -2.0    4.2 |  93.4 -111.9  239.6 |  1530  -1834   3926 | -11.0   63.6  -51.3 | 34.82    
2023-11-08 00:57:20.940 | 22.07 -10.53  -3.31 |  2.25  -1.07  -0.34 |  9228  -4413  -1397 |   0.7   -7.1    6.3 |  42.8 -407.5  359.8 |   702  -6676   5895 |  -3.7   64.6  -55.1 | 34.81    
2023-11-08 00:57:20.978 | 25.35   4.22   3.31 |  2.58   0.43   0.34 | 10600   1766   1397 |   5.2  -10.8   10.4 | 296.5 -618.0  595.6 |  4858 -10126   9758 |   2.9   57.5  -64.1 | 34.80    
2023-11-08 00:57:21.016 |  4.23   9.98  18.15 |  0.43   1.02   1.85 |  1767   4181   7657 |   6.7   -9.2   11.3 | 383.9 -525.0  647.2 |  6289  -8602  10604 |   7.3   39.9  -79.5 | 34.85    
2023-11-08 00:57:21.053 |-20.54  14.66  25.16 | -2.09   1.50   2.57 | -8588   6143  10613 |   1.4   -5.6    5.2 |  81.1 -320.9  298.0 |  1329  -5258   4883 |   6.8   23.2  -85.5 | 34.87    
2023-11-08 00:57:21.092 | -8.81   7.83  18.67 | -0.90   0.80   1.90 | -3684   3282   7875 |   0.2   -2.1   -0.6 |  13.3 -120.8  -35.5 |   218  -1980   -581 |  -1.7   23.5  -88.1 | 34.79    
2023-11-08 00:57:21.130 | -6.29   6.28  21.17 | -0.64   0.64   2.16 | -2630   2632   8931 |   0.3   -0.6   -0.4 |  15.6  -34.1  -23.9 |   255   -558   -392 |  -3.2   18.6  -90.9 | 34.80    
2023-11-08 00:57:21.168 |-14.61   8.83  26.92 | -1.49   0.90   2.74 | -6110   3701  11355 |  -2.4    2.3   -1.6 |-137.8  131.1  -89.0 | -2257   2148  -1458 |  -2.7   24.4  -88.5 | 34.80    
2023-11-08 00:57:21.207 | -8.10   7.47  21.95 | -0.83   0.76   2.24 | -3386   3128   9259 |  -4.1    7.3   -4.4 |-233.3  416.9 -250.7 | -3822   6830  -4107 |   2.9   34.5  -82.3 | 34.79    
2023-11-08 00:57:21.244 |  2.86   6.01  10.00 |  0.29   0.61   1.02 |  1196   2519   4220 |  -4.5    9.2   -6.4 |-255.7  527.4 -368.2 | -4190   8641  -6032 |   9.5   43.5  -73.2 | 34.83    
2023-11-08 00:57:21.282 | 10.96   6.54   5.82 |  1.12   0.67   0.59 |  4581   2738   2455 |  -4.1    7.6   -8.3 |-235.1  437.0 -478.2 | -3852   7159  -7835 |  10.7   59.0  -63.2 | 34.80    
2023-11-08 00:57:21.320 | 26.60   4.85   0.26 |  2.71   0.49   0.03 | 11123   2031    110 |  -5.2    7.3   -8.8 |-297.9  420.8 -505.7 | -4880   6894  -8285 |  -2.2   67.1  -49.5 | 34.84    
2023-11-08 00:57:21.359 | 28.29  -9.25 -19.32 |  2.88  -0.94  -1.97 | 11830  -3875  -8152 |  -3.2    5.7   -4.3 |-181.6  328.6 -248.1 | -2975   5383  -4065 | -17.3   66.1  -35.1 | 34.80    
2023-11-08 00:57:21.397 | 23.33 -12.27 -10.39 |  2.38  -1.25  -1.06 |  9754  -5141  -4382 |   1.3    1.1    1.0 |  76.2   60.2   55.8 |  1248    987    914 | -20.5   66.8  -36.2 | 34.77    
2023-11-08 00:57:21.435 | 26.35 -12.81  -8.16 |  2.69  -1.31  -0.83 | 11017  -5365  -3442 |   1.4   -2.0    3.1 |  77.9 -114.2  177.1 |  1277  -1871   2901 | -17.3   66.6  -41.1 | 34.80    
2023-11-08 00:57:21.473 | 19.65  -8.11  -1.12 |  2.00  -0.83  -0.11 |  8217  -3398   -471 |   3.6   -7.9    9.1 | 206.2 -455.3  521.4 |  3378  -7459   8543 |  -6.8   65.3  -45.1 | 34.83    
2023-11-08 00:57:21.511 | 13.76  10.09  12.93 |  1.40   1.03   1.32 |  5754   4228   5453 |   4.0  -12.1    7.4 | 228.8 -695.6  421.8 |  3749 -11397   6910 |   2.9   60.4  -57.6 | 34.77    
2023-11-08 00:57:21.549 |-10.07   5.42  23.92 | -1.03   0.55   2.44 | -4212   2270  10090 |   3.4   -2.6    7.5 | 194.3 -147.9  431.6 |  3183  -2423   7071 |  11.7   47.2  -69.2 | 34.77    
2023-11-08 00:57:21.588 |-25.64   8.62  23.80 | -2.61   0.88   2.43 |-10720   3612  10041 |   0.4    0.8    1.3 |  22.5   46.6   72.8 |   369    763   1192 |  16.3   37.2  -72.7 | 34.82    
2023-11-08 00:57:21.626 |-12.04  -3.12  19.00 | -1.23  -0.32   1.94 | -5033  -1308   8017 |  -1.4    3.6   -2.4 | -82.0  206.1 -136.8 | -1343   3376  -2241 |  18.3   40.6  -70.9 | 34.80    
2023-11-08 00:57:21.665 | -5.65  -5.57  11.88 | -0.58  -0.57   1.21 | -2361  -2332   5012 |  -5.5    4.3   -2.8 |-314.9  248.4 -161.3 | -5160   4069  -2643 |  22.9   50.2  -60.4 | 34.85    
2023-11-08 00:57:21.703 | -1.29  -0.10   2.64 | -0.13  -0.01   0.27 |  -541    -40   1113 |  -8.0    5.3   -2.7 |-459.8  302.4 -153.2 | -7533   4955  -2510 |  24.1   62.2  -38.3 | 34.80    
2023-11-08 00:57:21.741 |  2.81   8.97  -9.60 |  0.29   0.92  -0.98 |  1175   3760  -4051 |  -8.6    5.5   -3.2 |-490.6  316.0 -186.0 | -8038   5178  -3047 |  16.6   64.8  -12.5 | 34.82    
2023-11-08 00:57:21.780 | 11.01   5.03 -28.89 |  1.12   0.51  -2.95 |  4605   2106 -12189 |  -3.5    4.1   -2.3 |-202.7  233.9 -133.9 | -3321   3832  -2193 |   5.1   59.2    5.9 | 34.81    
2023-11-08 00:57:21.818 |  7.89   0.20 -24.72 |  0.80   0.02  -2.52 |  3300     84 -10427 |   3.8    1.5   -0.2 | 216.4   83.4  -10.7 |  3546   1366   -176 |   0.2   61.7    7.7 | 34.80    
2023-11-08 00:57:21.857 |  7.21   0.85 -15.87 |  0.74   0.09  -1.62 |  3016    358  -6695 |   6.2    0.1    1.0 | 355.7    5.9   59.2 |  5827     97    970 |  -3.4   64.4   -5.5 | 34.74    
2023-11-08 00:57:21.894 | 10.27   0.21 -14.19 |  1.05   0.02  -1.45 |  4294     89  -5987 |   8.7   -3.2    1.2 | 498.2 -183.0   70.4 |  8162  -2998   1154 |  -0.2   68.0  -26.2 | 34.79    
2023-11-08 00:57:21.932 | 11.99   6.72   0.83 |  1.22   0.68   0.08 |  5012   2814    349 |  12.0   -6.0    2.3 | 687.0 -343.3  133.4 | 11255  -5625   2185 |  -0.7   61.7  -56.9 | 34.80    
2023-11-08 00:57:21.970 |  3.71  13.45  16.61 |  0.38   1.37   1.69 |  1552   5633   7005 |  14.6   -3.4    4.6 | 834.6 -194.8  261.2 | 13674  -3192   4279 |  -5.6   35.2  -84.8 | 34.81    
2023-11-08 00:57:22.008 | -5.90   4.61  30.33 | -0.60   0.47   3.09 | -2466   1931  12794 |   8.0   -3.3    2.0 | 455.8 -186.6  116.6 |  7468  -3058   1910 |  -7.3   11.5  -93.9 | 34.79    
2023-11-08 00:57:22.047 | -2.92   3.52  30.04 | -0.30   0.36   3.06 | -1220   1476  12674 |   2.3   -1.7   -0.1 | 129.6  -96.8   -4.6 |  2124  -1586    -75 | -18.8   -4.9  -98.3 | 34.77    
2023-11-08 00:57:22.085 | -0.56   3.46  27.85 | -0.06   0.35   2.84 |  -236   1451  11747 |  -1.9    0.4   -0.9 |-108.7   24.2  -53.3 | -1781    397   -873 | -25.1   -9.4  -96.0 | 34.83    
2023-11-08 00:57:22.124 | -2.61   0.43  27.08 | -0.27   0.04   2.76 | -1091    180  11425 |  -5.4    2.6   -1.4 |-312.3  149.2  -82.9 | -5116   2444  -1359 | -15.9    0.4  -94.6 | 34.77    
2023-11-08 00:57:22.162 |  3.99   0.36  25.01 |  0.41   0.04   2.55 |  1667    150  10551 | -10.6    4.1   -2.0 |-606.3  235.7 -115.4 | -9933   3862  -1891 |  -3.9   23.7  -89.7 | 34.80    
2023-11-08 00:57:22.200 | 11.19  10.44   8.51 |  1.14   1.06   0.87 |  4680   4372   3591 | -13.9    3.8    0.1 |-798.6  219.8    4.6 |-13085   3601     76 |   6.1   55.3  -66.7 | 34.79    
2023-11-08 00:57:22.239 |  2.79  13.55  -3.03 |  0.28   1.38  -0.31 |  1168   5677  -1277 | -12.4    2.3   -0.2 |-709.0  129.6  -10.3 |-11617   2124   -169 |  10.7   67.3  -39.0 | 34.77    
2023-11-08 00:57:22.277 | -3.33  14.06 -13.03 | -0.34   1.43  -1.33 | -1394   5889  -5495 |  -9.2    2.4   -1.0 |-527.5  135.6  -57.9 | -8643   2221   -949 |  11.7   64.8   -6.9 | 34.77    
2023-11-08 00:57:22.315 |  4.41   8.52 -22.38 |  0.45   0.87  -2.28 |  1842   3568  -9440 |  -2.2    4.3   -0.5 |-124.0  244.8  -31.4 | -2032   4010   -514 |   5.4   59.9   10.3 | 34.81    
2023-11-08 00:57:22.354 |  2.46   2.95 -20.76 |  0.25   0.30  -2.12 |  1030   1236  -8758 |   3.8    2.0    0.0 | 218.9  115.1    2.1 |  3586   1886     34 |  -5.6   58.7    9.6 | 34.81    
2023-11-08 00:57:22.392 |  0.97   0.48 -11.94 |  0.10   0.05  -1.22 |   407    199  -5038 |   5.6    0.3   -1.2 | 320.3   14.8  -69.8 |  5247    242  -1144 |  -6.6   66.6   -2.0 | 34.78    
2023-11-08 00:57:22.431 |  4.31  -1.56  -9.40 |  0.44  -0.16  -0.96 |  1802   -653  -3964 |   7.8    0.2   -1.4 | 444.5   11.9  -80.0 |  7283    195  -1310 | -11.0   70.0  -16.5 | 34.78    
2023-11-08 00:57:22.469 |  8.95  -1.18   2.43 |  0.91  -0.12   0.25 |  3741   -496   1026 |   8.2    2.1    1.0 | 467.7  118.5   57.9 |  7662   1942    948 | -12.0   68.0  -41.6 | 34.80    
2023-11-08 00:57:22.507 | -5.86  -7.67   7.73 | -0.60  -0.78   0.79 | -2452  -3213   3259 |   6.8    2.5    4.4 | 391.7  145.7  251.5 |  6417   2387   4120 |  -2.2   60.7  -57.8 | 34.81    
2023-11-08 00:57:22.545 | -3.76  -5.42  11.72 | -0.38  -0.55   1.19 | -1573  -2272   4942 |   8.2   -0.1   -0.2 | 470.9   -3.3  -10.7 |  7715    -54   -175 |   6.1   42.6  -78.8 | 34.88    
2023-11-08 00:57:22.583 | -1.43  -7.50  11.67 | -0.15  -0.77   1.19 |  -599  -3144   4924 |   4.5    0.1   -1.2 | 259.9    3.9  -71.5 |  4258     64  -1172 |   3.2   32.3  -86.7 | 34.83    
2023-11-08 00:57:22.621 | -0.33  -2.54  12.81 | -0.03  -0.26   1.31 |  -138  -1066   5402 |   5.5    0.4   -0.7 | 313.8   24.7  -40.0 |  5142    405   -656 |   7.3   25.7  -89.2 | 34.82    
2023-11-08 00:57:22.659 | -0.90  -2.75  14.68 | -0.09  -0.28   1.50 |  -375  -1152   6192 |   3.7    0.9    0.1 | 212.0   52.7    6.3 |  3474    863    104 |  11.2   18.3  -93.9 | 34.83    
2023-11-08 00:57:22.697 | -0.54  -3.03  10.67 | -0.05  -0.31   1.09 |  -224  -1268   4501 |   1.8    0.4    0.2 | 104.4   22.5   10.7 |  1711    368    176 |  16.3   12.7  -93.2 | 34.83    
2023-11-08 00:57:22.736 |  4.11  -2.31  10.24 |  0.42  -0.24   1.04 |  1719   -966   4320 |   2.3   -0.2    0.0 | 133.3   -9.0    2.7 |  2184   -148     45 |  12.9    5.3  -94.6 | 34.79    
2023-11-08 00:57:22.775 | -0.40  -2.31  12.36 | -0.04  -0.24   1.26 |  -169   -969   5214 |   2.0    0.7    0.3 | 115.7   37.8   16.0 |  1896    619    262 |  15.1    1.2  -94.8 | 34.85    
2023-11-08 00:57:22.813 | -1.56   0.11  11.47 | -0.16   0.01   1.17 |  -652     45   4838 |   1.2   -0.1   -1.3 |  71.1   -6.2  -77.1 |  1165   -102  -1264 |  13.2    0.7  -95.3 | 34.85    
2023-11-08 00:57:22.851 |  0.39  -0.56   8.73 |  0.04  -0.06   0.89 |   164   -233   3684 |   1.0   -0.8   -1.3 |  55.4  -44.6  -76.7 |   908   -730  -1256 |  12.2   -3.7  -96.7 | 34.87    
2023-11-08 00:57:22.889 |  4.12  -3.14  13.43 |  0.42  -0.32   1.37 |  1722  -1317   5667 |   1.7    1.5   -0.2 |  97.5   87.9  -12.2 |  1598   1440   -200 |  10.7   -3.2  -95.3 | 34.85    
2023-11-08 00:57:22.928 | -2.17   2.93  16.35 | -0.22   0.30   1.67 |  -907   1227   6899 |  -0.5    0.0   -0.0 | -28.6    1.3   -2.0 |  -469     22    -32 |  12.9   -9.4  -93.6 | 34.90    
2023-11-08 00:57:22.966 |  0.52  -1.11   7.99 |  0.05  -0.11   0.81 |   219   -464   3371 |  -0.1    0.2    0.1 |  -6.8   10.4    4.0 |  -111    170     66 |  14.1   -8.6  -94.8 | 34.86    
2023-11-08 00:57:23.004 | -0.36   0.43   9.54 | -0.04   0.04   0.97 |  -149    179   4023 |  -0.2   -0.9    1.1 | -10.4  -50.0   61.7 |  -170   -819   1011 |  11.0   -7.9  -93.2 | 34.88    
2023-11-08 00:57:23.043 |  2.65   2.79   5.49 |  0.27   0.28   0.56 |  1110   1168   2316 |   1.8    0.5    0.2 | 102.0   28.3    9.2 |  1671    464    150 |  10.5   -9.8  -94.6 | 34.90    
2023-11-08 00:57:23.081 |  1.09   0.42   7.84 |  0.11   0.04   0.80 |   454    174   3306 |   1.6    0.5   -0.5 |  93.5   30.3  -26.8 |  1532    497   -439 |   9.0   -9.8  -95.0 | 34.96    
2023-11-08 00:57:23.120 | -0.99  -1.34  11.92 | -0.10  -0.14   1.22 |  -412   -561   5030 |  -0.8   -1.0   -0.2 | -43.3  -54.5  -13.5 |  -710   -893   -221 |  10.7  -11.6  -93.0 | 34.93    
2023-11-08 00:57:23.158 |  0.33   1.85   9.66 |  0.03   0.19   0.98 |   139    777   4074 |  -1.1   -1.2   -1.0 | -65.8  -66.3  -54.8 | -1078  -1087   -898 |   7.3   -8.6  -95.7 | 34.91    
2023-11-08 00:57:23.196 |  1.96  -0.91   8.63 |  0.20  -0.09   0.88 |   819   -383   3641 |  -0.5   -0.4   -0.6 | -26.9  -20.8  -32.5 |  -441   -340   -532 |   4.1   -5.9  -96.9 | 34.89    
2023-11-08 00:57:23.235 |  3.60  -0.66   9.35 |  0.37  -0.07   0.95 |  1504   -275   3944 |  -0.0   -0.7    0.2 |  -1.4  -40.2    9.5 |   -23   -658    156 |   4.6   -4.0  -97.8 | 34.91    
2023-11-08 00:57:23.273 |  6.25  -2.44   7.66 |  0.64  -0.25   0.78 |  2614  -1023   3230 |   0.7   -0.7    3.0 |  39.2  -42.7  173.2 |   643   -700   2837 |   1.2   -4.9  -97.8 | 34.93    
2023-11-08 00:57:23.312 | -1.76   0.69  11.97 | -0.18   0.07   1.22 |  -736    288   5048 |   0.6    0.5    3.6 |  33.4   26.1  203.4 |   548    428   3333 |   2.9  -10.1  -96.2 | 34.93    
2023-11-08 00:57:23.350 | -1.71   0.75   9.89 | -0.17   0.08   1.01 |  -713    314   4170 |  -0.1    0.0    1.0 |  -5.8    2.2   57.7 |   -95     36    946 |   2.9  -13.0  -93.4 | 34.95    
2023-11-08 00:57:23.389 |  2.40  -0.60   8.13 |  0.25  -0.06   0.83 |  1005   -252   3428 |   0.5    0.4    1.1 |  31.4   24.7   61.6 |   515    405   1010 |   2.9  -13.5  -95.3 | 34.96    
2023-11-08 00:57:23.427 |  1.15  -0.41   7.49 |  0.12  -0.04   0.76 |   479   -172   3158 |   1.0    0.5    1.5 |  57.7   26.3   85.7 |   946    431   1404 |   4.1  -19.2  -91.8 | 34.99    
2023-11-08 00:57:23.465 | -0.22   0.26   9.05 | -0.02   0.03   0.92 |   -93    107   3818 |   1.6    0.2    1.3 |  89.4   11.4   74.3 |  1465    186   1218 |   5.1  -20.1  -90.9 | 34.97    
2023-11-08 00:57:23.503 |  0.81   0.60   8.91 |  0.08   0.06   0.91 |   340    251   3759 |  -0.0   -0.2    0.0 |  -0.8  -10.1    0.9 |   -13   -165     15 |   2.9  -23.8  -88.3 | 34.94    
2023-11-08 00:57:23.540 |  0.87   0.62   9.42 |  0.09   0.06   0.96 |   362    261   3972 |   0.0   -0.0   -0.0 |   0.2   -2.0   -0.1 |     3    -33     -2 |   3.7  -25.0  -89.0 | 34.92    
2023-11-08 00:57:23.579 |  0.62   0.17   9.98 |  0.06   0.02   1.02 |   261     72   4211 |   0.0    0.0   -0.0 |   0.8    0.5   -1.4 |    13      8    -23 |   3.7  -25.0  -89.5 | 34.95    
2023-11-08 00:57:23.616 |  0.48   0.22   9.98 |  0.05   0.02   1.02 |   200     92   4210 |   0.0   -0.0    0.0 |   0.9   -1.0    0.0 |    15    -17      0 |   4.1  -27.0  -88.1 | 34.95    
2023-11-08 00:57:23.652 |  1.45   0.18   9.89 |  0.15   0.02   1.01 |   608     75   4172 |   0.0   -0.0    0.2 |   1.8   -0.4   13.5 |    30     -6    222 |   0.5  -23.8  -88.3 | 34.99    
2023-11-08 00:57:23.688 | -0.16   0.90   9.92 | -0.02   0.09   1.01 |   -67    379   4185 |   0.0    0.0    0.1 |   1.1    0.7    7.8 |    18     12    127 |   2.2  -23.6  -89.0 | 34.97    
2023-11-08 00:57:23.727 |  0.33   0.30   9.81 |  0.03   0.03   1.00 |   138    124   4138 |   0.0   -0.0    0.0 |   0.4   -0.2    0.2 |     7     -3      3 |   1.5  -24.8  -88.8 | 35.00    
2023-11-08 00:57:23.765 |  0.69   0.36   9.93 |  0.07   0.04   1.01 |   288    149   4189 |   0.0   -0.0    0.0 |   0.4   -0.5    0.5 |     6     -8      8 |   3.4  -25.3  -87.4 | 34.98    
2023-11-08 00:57:23.803 |  0.96   0.33   9.97 |  0.10   0.03   1.02 |   402    140   4207 |   0.0    0.0   -0.0 |   0.6    0.4   -0.7 |    10      6    -11 |   1.7  -25.5  -89.0 | 34.90    
2023-11-08 00:57:23.838 |  0.56   0.18   9.91 |  0.06   0.02   1.01 |   233     76   4182 |   0.0    0.0   -0.0 |   0.7    0.7   -0.8 |    11     11    -13 |   3.7  -25.0  -88.5 | 34.93    
2023-11-08 00:57:23.874 |  0.67   0.32   9.91 |  0.07   0.03   1.01 |   280    134   4180 |   0.0    0.0   -0.0 |   0.7    0.5   -0.6 |    12      8    -10 |   1.7  -23.1  -87.6 | 34.98    
2023-11-08 00:57:23.912 |  0.63   0.50   9.89 |  0.06   0.05   1.01 |   265    211   4174 |   0.0    0.0   -0.0 |   0.6    0.6   -0.7 |    10     10    -12 |   5.1  -25.5  -87.6 | 34.93    
2023-11-08 00:57:23.950 |  0.30   0.37   9.89 |  0.03   0.04   1.01 |   127    153   4174 |   0.0    0.0   -0.0 |   0.8    0.1   -0.2 |    13      2     -4 |   2.9  -24.8  -87.4 | 35.06    
2023-11-08 00:57:23.988 |  0.60   0.46   9.91 |  0.06   0.05   1.01 |   252    192   4180 |   0.0   -0.0    0.0 |   0.4   -0.3    0.4 |     7     -5      6 |   2.4  -23.8  -88.8 | 34.94    
2023-11-08 00:57:24.026 |  0.88   0.41   9.96 |  0.09   0.04   1.02 |   370    170   4203 |   0.0    0.0   -0.0 |   0.6    0.3   -0.2 |    10      5     -3 |   3.9  -24.3  -86.4 | 35.00    
2023-11-08 00:57:24.064 |  0.56   0.11   9.91 |  0.06   0.01   1.01 |   236     47   4179 |   0.0    0.0   -0.0 |   0.7    0.4   -0.7 |    11      7    -12 |   2.7  -27.0  -89.0 | 35.00    
2023-11-08 00:57:24.103 |  0.59   0.27   9.92 |  0.06   0.03   1.01 |   247    114   4184 |   0.0    0.0   -0.0 |   0.8    0.0   -0.5 |    13      0     -8 |   3.2  -24.5  -87.1 | 35.01    
2023-11-08 00:57:24.141 |  0.73   0.55   9.91 |  0.07   0.06   1.01 |   305    232   4181 |   0.0    0.0   -0.0 |   0.5    0.4   -0.5 |     8      7     -8 |   3.2  -27.0  -87.1 | 35.01    
2023-11-08 00:57:24.179 |  0.47   0.39   9.82 |  0.05   0.04   1.00 |   195    165   4143 |   0.0    0.0   -0.0 |   0.7    0.4   -0.3 |    11      7     -5 |   2.2  -25.5  -86.7 | 34.98    
2023-11-08 00:57:24.217 |  0.57   0.34   9.91 |  0.06   0.03   1.01 |   239    143   4180 |   0.0    0.0    0.0 |   0.5    0.1    0.1 |     9      2      2 |   2.7  -25.5  -89.5 | 35.00    
2023-11-08 00:57:24.255 |  0.72   0.33   9.91 |  0.07   0.03   1.01 |   302    138   4180 |   0.0    0.0    0.0 |   0.5    0.3    0.0 |     8      5      0 |   2.4  -24.3  -88.3 | 35.00    
2023-11-08 00:57:24.292 |  0.60   0.25   9.92 |  0.06   0.03   1.01 |   251    104   4185 |   0.0    0.0   -0.0 |   0.7    0.3   -0.5 |    11      5     -8 |   1.7  -25.5  -90.9 | 35.02    
2023-11-08 00:57:24.331 |  0.73   0.39   9.91 |  0.07   0.04   1.01 |   307    162   4179 |   0.0    0.0   -0.0 |   0.4    0.3   -0.2 |     7      5     -3 |   3.9  -23.3  -88.8 | 34.98    
2023-11-08 00:57:24.370 |  0.70   0.38   9.95 |  0.07   0.04   1.01 |   292    161   4196 |   0.0    0.0   -0.0 |   0.7    0.4   -0.7 |    11      7    -11 |   2.7  -23.6  -89.5 | 35.04    
2023-11-08 00:57:24.408 |  0.46   0.32   9.88 |  0.05   0.03   1.01 |   193    134   4169 |   0.0    0.0   -0.0 |   0.6    0.5   -0.6 |    10      9    -10 |   2.0  -24.8  -87.4 | 35.09    
2023-11-08 00:57:24.446 |  0.55   0.38   9.95 |  0.06   0.04   1.02 |   229    159   4199 |   0.0    0.0    0.0 |   0.6    0.0    0.1 |    10      0      2 |   3.9  -26.3  -90.2 | 35.02    
2023-11-08 00:57:24.488 |  0.72   0.41   9.91 |  0.07   0.04   1.01 |   299    173   4179 |   0.0    0.0   -0.0 |   0.7    0.1   -0.1 |    11      1     -1 |   1.5  -26.3  -86.4 | 35.00    
2023-11-08 00:57:24.526 |  0.65   0.24   9.92 |  0.07   0.02   1.01 |   270     99   4184 |   0.0    0.0   -0.0 |   0.9    0.4   -0.4 |    14      6     -7 |   2.2  -25.5  -88.1 | 35.06    
2023-11-08 00:57:24.564 |  0.62   0.31   9.90 |  0.06   0.03   1.01 |   258    129   4178 |   0.0    0.0   -0.0 |   0.6    0.0   -0.5 |    10      0     -9 |   1.2  -27.0  -88.1 | 35.04    
2023-11-08 00:57:24.602 |  0.66   0.46   9.94 |  0.07   0.05   1.01 |   276    192   4195 |   0.0    0.0   -0.0 |   0.7    0.3   -0.5 |    12      5     -9 |   1.7  -25.0  -88.1 | 35.08    
2023-11-08 00:57:24.640 |  0.55   0.38   9.95 |  0.06   0.04   1.01 |   229    159   4196 |   0.0    0.0   -0.0 |   0.7    0.4   -0.5 |    11      7     -9 |   1.2  -23.6  -87.6 | 35.07    
2023-11-08 00:57:24.679 |  0.61   0.40   9.89 |  0.06   0.04   1.01 |   255    167   4173 |   0.0    0.0   -0.0 |   0.4    0.3   -0.1 |     6      5     -2 |   2.9  -26.3  -87.8 | 35.06    
2023-11-08 00:57:24.717 |  0.71   0.29   9.93 |  0.07   0.03   1.01 |   296    122   4191 |   0.0    0.0   -0.0 |   0.6    0.2   -0.2 |    10      3     -3 |   4.9  -23.3  -87.8 | 35.07    
2023-11-08 00:57:24.756 |  0.66   0.24   9.90 |  0.07   0.02   1.01 |   278    102   4176 |   0.0    0.0   -0.0 |   0.6    0.2   -0.5 |    10      3     -9 |   2.2  -27.0  -88.5 | 35.01    
2023-11-08 00:57:24.794 |  0.67   0.35   9.93 |  0.07   0.04   1.01 |   281    148   4191 |   0.0    0.0   -0.0 |   0.7    0.4   -0.4 |    11      6     -6 |   1.7  -26.0  -89.9 | 35.05    
2023-11-08 00:57:24.832 |  0.58   0.39   9.90 |  0.06   0.04   1.01 |   242    164   4176 |   0.0    0.0   -0.0 |   0.7    0.7   -0.6 |    12     12    -10 |   2.4  -26.3  -86.9 | 35.02    
2023-11-08 00:57:24.871 |  0.52   0.32   9.85 |  0.05   0.03   1.00 |   218    136   4156 |   0.0    0.0   -0.0 |   0.5    0.2   -0.4 |     9      3     -6 |   3.2  -23.6  -87.1 | 35.06    
2023-11-08 00:57:24.909 |  0.61   0.39   9.87 |  0.06   0.04   1.01 |   257    163   4162 |   0.0    0.0   -0.0 |   0.7    0.1   -0.1 |    12      1     -2 |   3.4  -23.3  -86.0 | 35.04    
2023-11-08 00:57:24.946 |  0.72   0.37   9.96 |  0.07   0.04   1.02 |   302    155   4201 |   0.0    0.0   -0.0 |   0.8    0.2   -0.1 |    13      3     -2 |   4.1  -27.5  -89.0 | 35.07    
2023-11-08 00:57:24.986 |  0.62   0.32   9.91 |  0.06   0.03   1.01 |   258    135   4180 |   0.0    0.0   -0.0 |   0.7    0.4   -0.1 |    11      6     -2 |   2.0  -23.8  -87.8 | 35.10    
2023-11-08 00:57:25.024 |  0.68   0.33   9.91 |  0.07   0.03   1.01 |   283    139   4181 |   0.0    0.0   -0.0 |   0.5    0.1   -0.4 |     8      2     -6 |   2.2  -23.6  -88.1 | 35.05    
2023-11-08 00:57:25.062 |  0.66   0.34   9.94 |  0.07   0.03   1.01 |   277    143   4194 |   0.0    0.0   -0.0 |   0.5    0.4   -0.5 |     8      7     -8 |   3.7  -24.1  -89.5 | 35.05    
2023-11-08 00:57:25.100 |  0.55   0.34   9.90 |  0.06   0.03   1.01 |   228    143   4177 |   0.0    0.0   -0.0 |   0.9    0.4   -0.4 |    14      7     -6 |   2.2  -27.0  -88.5 | 35.04    
2023-11-08 00:57:25.143 |  0.61   0.48   9.93 |  0.06   0.05   1.01 |   253    200   4191 |   0.0    0.0   -0.0 |   0.7    0.3   -0.2 |    11      5     -3 |   0.7  -25.0  -88.1 | 35.06    
2023-11-08 00:57:25.181 |  0.59   0.33   9.88 |  0.06   0.03   1.01 |   245    140   4169 |   0.0    0.0   -0.0 |   0.5    0.2   -0.4 |     9      4     -6 |   2.4  -25.3  -87.8 | 35.05    
2023-11-08 00:57:25.219 |  0.60   0.33   9.89 |  0.06   0.03   1.01 |   252    140   4172 |   0.0    0.0   -0.0 |   0.8    0.2   -0.4 |    13      4     -6 |   1.2  -27.5  -85.7 | 35.08    
2023-11-08 00:57:25.257 |  0.69   0.39   9.93 |  0.07   0.04   1.01 |   288    162   4188 |   0.0    0.0   -0.0 |   0.5    0.3   -0.2 |     8      5     -4 |   2.0  -24.8  -86.4 | 35.10    
2023-11-08 00:57:25.292 |  0.67   0.35   9.88 |  0.07   0.04   1.01 |   281    148   4168 |   0.0    0.0   -0.0 |   0.6    0.6   -0.8 |    10     10    -13 |   0.2  -26.5  -86.2 | 35.10    
2023-11-08 00:57:25.327 |  0.56   0.33   9.87 |  0.06   0.03   1.01 |   233    138   4164 |   0.0    0.0   -0.0 |   0.8    0.3   -0.5 |    13      5     -9 |   3.9  -24.3  -86.9 | 35.10    
2023-11-08 00:57:25.365 |  0.62   0.43   9.91 |  0.06   0.04   1.01 |   258    180   4179 |   0.0    0.0   -0.0 |   0.5    0.2   -0.4 |     9      3     -6 |   1.7  -26.0  -88.1 | 35.11    
2023-11-08 00:57:25.403 |  0.62   0.41   9.96 |  0.06   0.04   1.02 |   258    173   4202 |   0.0    0.0   -0.0 |   0.7    0.1   -0.4 |    11      2     -6 |   3.2  -25.5  -88.5 | 35.09    
2023-11-08 00:57:25.441 |  0.55   0.34   9.88 |  0.06   0.03   1.01 |   228    141   4168 |   0.0    0.0   -0.0 |   0.6    0.2   -0.2 |    10      3     -4 |   3.2  -25.5  -88.5 | 35.09    
2023-11-08 00:57:25.479 |  0.66   0.32   9.89 |  0.07   0.03   1.01 |   275    135   4172 |   0.0    0.0   -0.0 |   0.5    0.1   -0.1 |     8      1     -2 |   3.7  -26.5  -89.5 | 35.08    
2023-11-08 00:57:25.517 |  0.70   0.28   9.93 |  0.07   0.03   1.01 |   291    118   4189 |   0.0    0.0   -0.0 |   0.5    0.2   -0.2 |     9      3     -3 |   0.5  -24.8  -86.4 | 35.09    
2023-11-08 00:57:25.556 |  0.65   0.31   9.89 |  0.07   0.03   1.01 |   272    131   4170 |   0.0    0.0   -0.0 |   0.7    0.2   -0.5 |    11      4     -8 |   1.2  -24.1  -87.6 | 35.10    
2023-11-08 00:57:25.595 |  0.66   0.37   9.91 |  0.07   0.04   1.01 |   274    155   4179 |   0.0    0.0   -0.0 |   0.6    0.2   -0.5 |    10      3     -8 |   1.7  -24.5  -88.1 | 35.06    
2023-11-08 00:57:25.633 |  0.61   0.38   9.89 |  0.06   0.04   1.01 |   255    160   4170 |   0.0    0.0   -0.0 |   0.6    0.2   -0.5 |    10      3     -8 |   2.7  -25.5  -88.1 | 35.12    
2023-11-08 00:57:25.672 |  0.54   0.36   9.93 |  0.06   0.04   1.01 |   227    152   4190 |   0.0    0.0   -0.0 |   0.7    0.1   -0.4 |    11      2     -7 |   2.9  -25.3  -87.8 | 35.08    
2023-11-08 00:57:25.710 |  0.66   0.35   9.95 |  0.07   0.04   1.01 |   274    147   4198 |   0.0    0.0    0.0 |   0.5    0.2    0.1 |     9      3      2 |   2.0  -26.7  -87.8 | 35.12    
2023-11-08 00:57:25.748 |  0.68   0.27   9.88 |  0.07   0.03   1.01 |   285    114   4168 |   0.0    0.0   -0.0 |   0.5    0.2   -0.4 |     9      3     -6 |   3.2  -25.5  -87.1 | 35.16    
2023-11-08 00:57:25.787 |  0.65   0.33   9.93 |  0.07   0.03   1.01 |   272    140   4190 |   0.0    0.0   -0.0 |   0.7    0.5   -0.5 |    12      8     -8 |   1.0  -24.8  -87.4 | 35.14    
2023-11-08 00:57:25.825 |  0.65   0.41   9.93 |  0.07   0.04   1.01 |   271    173   4188 |   0.0    0.0   -0.0 |   0.6    0.5   -0.5 |    10      8     -9 |   1.5  -23.8  -87.4 | 35.10    
2023-11-08 00:57:25.863 |  0.55   0.38   9.92 |  0.06   0.04   1.01 |   231    161   4186 |   0.0    0.0   -0.0 |   0.7    0.3   -0.1 |    11      5     -2 |   5.4  -23.3  -90.2 | 35.14    
2023-11-08 00:57:25.903 |  0.58   0.34   9.92 |  0.06   0.03   1.01 |   244    142   4185 |   0.0    0.0   -0.0 |   0.5    0.2   -0.5 |     8      3     -9 |   3.9  -24.3  -87.4 | 35.10    
2023-11-08 00:57:25.940 |  0.67   0.39   9.94 |  0.07   0.04   1.01 |   281    163   4193 |   0.0    0.0   -0.0 |   0.7    0.2   -0.3 |    12      3     -5 |   2.2  -25.5  -87.1 | 35.11    
2023-11-08 00:57:25.979 |  0.64   0.35   9.90 |  0.07   0.04   1.01 |   269    146   4177 |   0.0    0.0   -0.0 |   0.5    0.4   -0.5 |     9      7     -9 |   3.7  -25.0  -88.1 | 35.09    
2023-11-08 00:57:26.017 |  0.52   0.38   9.87 |  0.05   0.04   1.01 |   218    160   4164 |   0.0    0.0   -0.0 |   0.7    0.2   -0.3 |    12      3     -5 |   3.4  -24.8  -88.3 | 35.12    
2023-11-08 00:57:26.055 |  0.57   0.38   9.89 |  0.06   0.04   1.01 |   239    158   4171 |   0.0    0.0    0.0 |   0.7    0.1    0.0 |    12      2      0 |   0.0  -23.3  -86.4 | 35.13    
2023-11-08 00:57:26.093 |  0.62   0.34   9.91 |  0.06   0.03   1.01 |   258    142   4180 |   0.0    0.0   -0.0 |   0.5    0.1   -0.2 |     9      2     -4 |   3.2  -25.5  -88.1 | 35.11    
2023-11-08 00:57:26.131 |  0.64   0.36   9.93 |  0.07   0.04   1.01 |   269    150   4187 |   0.0    0.0    0.0 |   0.6    0.2    0.0 |    10      3      0 |   3.2  -25.5  -87.6 | 35.09    
2023-11-08 00:57:26.169 |  0.70   0.33   9.91 |  0.07   0.03   1.01 |   291    139   4179 |   0.0    0.0   -0.0 |   0.7    0.2   -0.2 |    11      4     -4 |   3.9  -24.3  -87.4 | 35.13    
2023-11-08 00:57:26.208 |  0.61   0.37   9.93 |  0.06   0.04   1.01 |   257    157   4190 |   0.0    0.0   -0.0 |   0.7    0.5   -0.4 |    12      8     -7 |   2.2  -25.0  -86.7 | 35.10    
2023-11-08 00:57:26.245 |  0.59   0.35   9.92 |  0.06   0.04   1.01 |   245    148   4185 |   0.0    0.0   -0.0 |   0.7    0.2   -0.3 |    11      4     -5 |   3.7  -25.0  -87.1 | 35.09    
2023-11-08 00:57:26.284 |  0.64   0.39   9.92 |  0.07   0.04   1.01 |   267    162   4184 |   0.0    0.0   -0.0 |   0.5    0.3   -0.3 |     9      5     -5 |   5.6  -26.0  -89.0 | 35.07    
2023-11-08 00:57:26.322 |  0.61   0.37   9.93 |  0.06   0.04   1.01 |   256    153   4190 |   0.0    0.0   -0.0 |   0.7    0.2   -0.4 |    12      3     -7 |   2.0  -28.2  -86.4 | 35.15    
2023-11-08 00:57:26.360 |  0.63   0.30   9.88 |  0.06   0.03   1.01 |   264    125   4168 |   0.0    0.0   -0.0 |   0.9    0.2   -0.2 |    14      3     -4 |   3.9  -24.8  -86.9 | 35.13    
2023-11-08 00:57:26.399 |  0.61   0.33   9.91 |  0.06   0.03   1.01 |   254    138   4180 |   0.0    0.0   -0.0 |   0.4    0.2   -0.3 |     7      3     -5 |   3.7  -24.1  -89.5 | 35.13    
2023-11-08 00:57:26.437 |  0.66   0.39   9.90 |  0.07   0.04   1.01 |   276    165   4177 |   0.0    0.0   -0.0 |   0.8    0.2   -0.4 |    13      4     -7 |   1.5  -24.8  -87.4 | 35.13    
2023-11-08 00:57:26.476 |  0.61   0.40   9.89 |  0.06   0.04   1.01 |   256    168   4173 |   0.0    0.0   -0.0 |   0.5    0.1   -0.5 |     8      1     -9 |   2.4  -24.3  -87.4 | 35.12    
2023-11-08 00:57:26.514 |  0.61   0.34   9.88 |  0.06   0.04   1.01 |   255    144   4166 |   0.0    0.0   -0.0 |   0.7    0.4   -0.2 |    11      6     -3 |   2.7  -21.6  -89.5 | 35.14    
2023-11-08 00:57:26.552 |  0.66   0.32   9.91 |  0.07   0.03   1.01 |   274    136   4179 |   0.0    0.0   -0.0 |   0.8    0.2   -0.4 |    13      4     -6 |   1.2  -25.0  -87.6 | 35.14    
2023-11-08 00:57:26.590 |  0.64   0.34   9.91 |  0.07   0.03   1.01 |   269    141   4180 |   0.0    0.0   -0.0 |   0.7    0.2   -0.2 |    11      4     -4 |   1.2  -24.5  -85.7 | 35.12    
2023-11-08 00:57:26.628 |  0.61   0.37   9.87 |  0.06   0.04   1.01 |   255    154   4162 |   0.0    0.0   -0.0 |   0.6    0.2   -0.2 |    10      3     -3 |   2.2  -26.0  -87.1 | 35.13    
2023-11-08 00:57:26.667 |  0.64   0.35   9.93 |  0.07   0.04   1.01 |   268    145   4188 |   0.0    0.0   -0.0 |   0.6    0.2   -0.2 |    10      3     -3 |   1.7  -25.0  -88.1 | 35.16    
2023-11-08 00:57:26.705 |  0.66   0.30   9.92 |  0.07   0.03   1.01 |   278    126   4183 |   0.0    0.0   -0.0 |   0.8    0.1   -0.2 |    13      1     -3 |   3.7  -25.0  -87.6 | 35.15    
2023-11-08 00:57:26.743 |  0.62   0.35   9.87 |  0.06   0.04   1.01 |   259    145   4165 |   0.0    0.0   -0.0 |   0.7    0.1   -0.2 |    12      2     -3 |   1.5  -24.3  -88.8 | 35.10    
2023-11-08 00:57:26.782 |  0.68   0.35   9.93 |  0.07   0.04   1.01 |   285    145   4189 |   0.0    0.0   -0.0 |   0.8    0.5   -0.7 |    13      8    -12 |   1.7  -23.1  -88.1 | 35.15    
2023-11-08 00:57:26.821 |  0.53   0.34   9.89 |  0.05   0.03   1.01 |   220    142   4170 |   0.0    0.0   -0.0 |   0.7    0.4   -0.7 |    12      6    -11 |   4.4  -25.3  -86.4 | 35.13    
2023-11-08 00:57:26.859 |  0.57   0.40   9.88 |  0.06   0.04   1.01 |   240    168   4168 |   0.0    0.0   -0.0 |   0.9    0.1   -0.3 |    14      1     -5 |   2.2  -25.0  -86.2 | 35.19    
2023-11-08 00:57:26.897 |  0.61   0.39   9.92 |  0.06   0.04   1.01 |   254    162   4183 |   0.0   -0.0   -0.0 |   0.5   -0.1   -0.2 |     8     -1     -3 |   3.7  -25.0  -87.1 | 35.13    
2023-11-08 00:57:26.936 |  0.64   0.32   9.92 |  0.07   0.03   1.01 |   269    135   4184 |   0.0    0.0   -0.0 |   0.6    0.1   -0.2 |    10      2     -4 |   1.7  -26.0  -86.2 | 35.14    
2023-11-08 00:57:26.974 |  0.71   0.30   9.88 |  0.07   0.03   1.01 |   295    125   4166 |   0.0    0.0   -0.0 |   0.5    0.5   -0.4 |     9      9     -6 |   2.4  -24.8  -86.9 | 35.13    
2023-11-08 00:57:27.012 |  0.63   0.34   9.87 |  0.06   0.03   1.01 |   265    142   4162 |   0.0    0.0   -0.0 |   0.8    0.2   -0.5 |    13      3     -9 |   2.9  -24.8  -88.8 | 35.14    
2023-11-08 00:57:27.051 |  0.58   0.39   9.86 |  0.06   0.04   1.01 |   244    164   4158 |   0.0    0.0   -0.0 |   0.7    0.4   -0.2 |    12      6     -4 |   3.2  -24.1  -89.5 | 35.14    
2023-11-08 00:57:27.089 |  0.65   0.43   9.87 |  0.07   0.04   1.01 |   272    181   4164 |   0.0    0.0   -0.0 |   0.5    0.1   -0.3 |     9      2     -5 |   2.9  -24.8  -89.2 | 35.12    
2023-11-08 00:57:27.127 |  0.61   0.33   9.94 |  0.06   0.03   1.01 |   255    139   4192 |   0.0    0.0   -0.0 |   0.5    0.2   -0.3 |     9      3     -5 |   3.4  -26.3  -89.2 | 35.17    
2023-11-08 00:57:27.165 |  0.61   0.30   9.92 |  0.06   0.03   1.01 |   253    125   4184 |   0.0    0.0   -0.0 |   0.5    0.4   -0.3 |     8      6     -5 |   2.7  -24.5  -88.1 | 35.10    
2023-11-08 00:57:27.204 |  0.65   0.33   9.94 |  0.07   0.03   1.01 |   273    138   4194 |   0.0    0.0   -0.0 |   0.6    0.2   -0.2 |    10      3     -3 |   2.9  -23.3  -87.4 | 35.16    
2023-11-08 00:57:27.242 |  0.62   0.40   9.97 |  0.06   0.04   1.02 |   260    166   4205 |   0.0    0.0   -0.0 |   0.5    0.2   -0.5 |     9      4     -9 |   2.7  -25.5  -88.5 | 35.13    
2023-11-08 00:57:27.280 |  0.60   0.33   9.94 |  0.06   0.03   1.01 |   251    139   4194 |   0.0    0.0   -0.0 |   0.7    0.2   -0.5 |    11      3     -9 |   4.1  -25.0  -88.1 | 35.19    
2023-11-08 00:57:27.318 |  0.62   0.39   9.86 |  0.06   0.04   1.01 |   261    165   4160 |   0.0    0.0   -0.0 |   0.7    0.1   -0.5 |    11      2     -8 |   1.7  -23.1  -88.1 | 35.19    
2023-11-08 00:57:27.357 |  0.67   0.34   9.89 |  0.07   0.03   1.01 |   282    142   4170 |   0.0    0.0   -0.0 |   0.7    0.2   -0.6 |    12      4    -10 |   3.7  -25.0  -89.5 | 35.11    
2023-11-08 00:57:27.395 |  0.41   0.15   9.95 |  0.04   0.02   1.01 |   172     64   4196 |   0.0    0.0    0.0 |   0.7    0.1    1.6 |    12      1     26 |   2.7  -25.0  -86.7 | 35.13    
2023-11-08 00:57:27.434 |  1.04   0.36   9.79 |  0.11   0.04   1.00 |   436    152   4131 |   0.0    0.0    0.0 |   0.4    2.4    0.5 |     7     40      8 |   3.7  -25.0  -88.1 | 35.21    
2023-11-08 00:57:27.471 | -0.42  -0.54   9.54 | -0.04  -0.06   0.97 |  -177   -226   4025 |  -0.0    0.1   -0.2 |  -1.0    6.6  -10.4 |   -17    108   -171 |   1.7  -22.6  -87.6 | 35.13    
2023-11-08 00:57:27.512 |  0.77   0.47   9.75 |  0.08   0.05   0.99 |   322    195   4112 |   0.0    0.0    0.0 |   0.4    0.7    0.1 |     7     11      2 |   3.7  -26.0  -87.6 | 35.14    
2023-11-08 00:57:27.550 |  0.52   0.50  10.00 |  0.05   0.05   1.02 |   217    211   4218 |   0.0   -0.0    0.0 |   0.8   -0.5    0.6 |    13     -9     10 |   2.2  -24.1  -88.5 | 35.17    
2023-11-08 00:57:27.588 |  0.69   0.28   9.90 |  0.07   0.03   1.01 |   290    116   4177 |   0.0    0.0   -0.0 |   0.5    0.2   -0.1 |     9      4     -1 |   2.7  -25.5  -87.1 | 35.20    
2023-11-08 00:57:27.626 |  0.73   0.11   9.93 |  0.07   0.01   1.01 |   306     46   4188 |   0.0    0.0    0.0 |   0.5    0.1    0.1 |     9      1      2 |   3.9  -22.3  -89.7 | 35.16    
2023-11-08 00:57:27.664 |  0.82   0.23   9.94 |  0.08   0.02   1.01 |   344     95   4194 |   0.0    0.0   -0.0 |   0.7    0.6   -1.1 |    11     10    -18 |   2.9  -25.8  -89.7 | 35.12    
2023-11-08 00:57:27.703 |  0.59   0.46   9.98 |  0.06   0.05   1.02 |   245    192   4211 |   0.0    0.0   -0.0 |   0.4    0.8   -1.2 |     7     13    -20 |   2.0  -25.8  -87.8 | 35.14    
2023-11-08 00:57:27.741 |  0.43   0.43   9.85 |  0.04   0.04   1.00 |   178    179   4154 |   0.0    0.0   -0.0 |   0.4    0.2   -0.2 |     6      4     -4 |   5.1  -27.0  -88.1 | 35.16    
2023-11-08 00:57:27.779 |  0.60   0.49   9.96 |  0.06   0.05   1.02 |   249    207   4200 |   0.0   -0.0   -0.0 |   0.7   -0.2   -0.1 |    11     -3     -2 |   0.5  -22.8  -87.4 | 35.18    
2023-11-08 00:57:27.817 |  0.61   0.41   9.91 |  0.06   0.04   1.01 |   256    171   4181 |   0.0    0.0    0.0 |   0.6    0.2    0.0 |    10      3      0 |   3.2  -22.6  -88.5 | 35.14    
2023-11-08 00:57:27.855 |  0.62   0.18   9.94 |  0.06   0.02   1.01 |   259     76   4195 |   0.0   -0.0    0.0 |   0.6   -0.2    0.1 |    10     -4      2 |   4.1  -24.1  -87.1 | 35.19    
2023-11-08 00:57:27.893 |  0.88   0.37   9.98 |  0.09   0.04   1.02 |   369    157   4209 |   0.0    0.0    0.0 |   0.4    0.0    0.1 |     7      0      1 |   3.4  -25.8  -86.4 | 35.19    
2023-11-08 00:57:27.931 |  0.72   0.32   9.85 |  0.07   0.03   1.00 |   301    136   4156 |   0.0    0.0   -0.0 |   0.7    0.5   -0.6 |    11      8    -10 |   3.2  -24.1  -89.5 | 35.16    
2023-11-08 00:57:27.969 |  0.30   0.24   9.93 |  0.03   0.02   1.01 |   126    101   4190 |   0.0    0.0   -0.0 |   0.5    0.4   -1.6 |     9      7    -27 |   2.7  -24.5  -88.1 | 35.15    
2023-11-08 00:57:28.008 |  0.67   0.50   9.86 |  0.07   0.05   1.01 |   282    211   4159 |   0.0   -0.1   -0.0 |   1.0   -2.9   -0.4 |    17    -47     -7 |   2.4  -24.8  -86.9 | 35.09    
2023-11-08 00:57:28.046 |  0.57   0.32   9.90 |  0.06   0.03   1.01 |   240    133   4175 |   0.0   -0.0   -0.0 |   0.8   -0.4   -0.2 |    13     -7     -3 |   1.5  -25.3  -88.8 | 35.14    
2023-11-08 00:57:28.084 |  0.79   0.07   9.91 |  0.08   0.01   1.01 |   332     29   4179 |   0.0    0.0   -0.0 |   0.5    1.0   -1.0 |     9     16    -16 |   3.4  -24.3  -87.4 | 35.16    
2023-11-08 00:57:28.123 |  0.69   0.34   9.91 |  0.07   0.03   1.01 |   290    142   4182 |   0.0    0.0   -0.0 |   0.3    2.3   -0.6 |     5     38    -10 |   2.0  -25.8  -86.9 | 35.14    
2023-11-08 00:57:28.160 |  0.45   0.53   9.84 |  0.05   0.05   1.00 |   190    222   4153 |   0.0    0.0   -0.0 |   0.7    1.1   -0.7 |    12     18    -11 |   2.2  -23.6  -89.0 | 35.17    
2023-11-08 00:57:28.199 |  0.57   0.53   9.92 |  0.06   0.05   1.01 |   238    221   4184 |   0.0    0.0    0.0 |   0.6    0.1    0.0 |    10      2      0 |   2.9  -24.3  -88.3 | 35.19    
2023-11-08 00:57:28.236 |  0.70   0.44   9.95 |  0.07   0.04   1.02 |   293    184   4199 |   0.0   -0.0    0.0 |   0.7   -0.1    0.0 |    11     -2      0 |   2.0  -23.3  -87.4 | 35.16    
2023-11-08 00:57:28.275 |  0.75   0.18   9.91 |  0.08   0.02   1.01 |   315     76   4182 |   0.0    0.0   -0.0 |   0.6    0.0   -0.1 |    10      0     -2 |   3.4  -26.3  -90.2 | 35.16    
2023-11-08 00:57:28.313 |  0.69   0.14   9.93 |  0.07   0.01   1.01 |   289     57   4188 |   0.0    0.0   -0.0 |   0.7    0.1   -0.5 |    12      1     -8 |   1.0  -27.2  -86.9 | 35.18    
2023-11-08 00:57:28.351 |  0.66   0.37   9.90 |  0.07   0.04   1.01 |   274    156   4178 |   0.0    0.0   -0.0 |   0.9    0.0   -0.5 |    15      0     -8 |   2.2  -25.0  -88.5 | 35.19    
2023-11-08 00:57:28.389 |  0.69   0.54   9.88 |  0.07   0.05   1.01 |   289    225   4168 |   0.0    0.0   -0.0 |   0.7    0.1   -0.4 |    12      2     -7 |   2.0  -22.3  -86.4 | 35.20    
2023-11-08 00:57:28.428 |  0.71   0.45   9.89 |  0.07   0.05   1.01 |   296    187   4173 |   0.0    0.0   -0.0 |   0.7    1.4   -1.0 |    11     23    -16 |   3.4  -25.3  -89.2 | 35.19    
2023-11-08 00:57:28.467 |  0.44   0.18   9.84 |  0.04   0.02   1.00 |   183     77   4152 |   0.0    0.0   -0.0 |   0.3    1.6   -0.4 |     5     27     -6 |   3.7  -25.5  -87.6 | 35.22    
2023-11-08 00:57:28.504 |  0.68   0.32   9.93 |  0.07   0.03   1.01 |   284    135   4187 |   0.0    0.0    0.0 |   0.7    0.0    0.4 |    11      0      7 |   4.1  -24.1  -88.5 | 35.22    
2023-11-08 00:57:28.543 |  0.64   0.43   9.89 |  0.07   0.04   1.01 |   269    182   4171 |   0.0    0.0    0.0 |   0.7    0.2    0.2 |    11      3      3 |   1.7  -25.0  -86.7 | 35.17    
2023-11-08 00:57:28.581 |  0.75   0.46   9.88 |  0.08   0.05   1.01 |   314    194   4166 |   0.0    0.0   -0.0 |   0.5    0.5   -0.2 |     9      9     -3 |   4.4  -25.3  -89.7 | 35.19    
2023-11-08 00:57:28.620 |  0.67   0.31   9.91 |  0.07   0.03   1.01 |   279    131   4179 |   0.0    0.0   -0.0 |   0.8    0.5   -0.2 |    13      9     -4 |   1.5  -25.8  -87.8 | 35.19    
2023-11-08 00:57:28.658 |  0.49   0.30   9.89 |  0.05   0.03   1.01 |   204    124   4173 |   0.0    0.0   -0.0 |   0.6    0.1   -0.1 |    10      2     -2 |   0.0  -26.3  -86.9 | 35.18    
2023-11-08 00:57:28.696 |  0.62   0.35   9.95 |  0.06   0.04   1.02 |   261    145   4199 |   0.0   -0.0   -0.0 |   0.7   -0.2   -0.1 |    12     -4     -1 |   3.9  -24.3  -87.8 | 35.20    
2023-11-08 00:57:28.734 |  0.66   0.37   9.84 |  0.07   0.04   1.00 |   275    153   4153 |   0.0   -0.0   -0.0 |   0.7   -0.9   -0.2 |    12    -15     -3 |   0.7  -25.0  -88.1 | 35.17    
2023-11-08 00:57:28.772 |  0.74   0.43   9.96 |  0.08   0.04   1.02 |   308    179   4202 |   0.0    0.0   -0.0 |   0.7    0.5   -0.3 |    11      9     -5 |   1.7  -24.5  -87.1 | 35.17    
2023-11-08 00:57:28.811 |  0.59   0.22   9.89 |  0.06   0.02   1.01 |   245     91   4172 |   0.0    0.0   -0.0 |   0.5    0.8   -0.6 |     9     13    -10 |   2.2  -26.5  -87.1 | 35.17    
2023-11-08 00:57:28.849 |  0.48   0.30   9.92 |  0.05   0.03   1.01 |   201    125   4184 |   0.0   -0.0   -0.0 |   0.7   -0.1   -0.4 |    11     -1     -6 |   4.6  -23.6  -85.7 | 35.17    
2023-11-08 00:57:28.887 |  0.68   0.55   9.96 |  0.07   0.06   1.02 |   285    229   4202 |   0.0    0.0    0.0 |   0.7    0.1    0.0 |    11      2      0 |   4.4  -24.8  -87.8 | 35.19    
2023-11-08 00:57:28.925 |  0.62   0.36   9.87 |  0.06   0.04   1.01 |   258    149   4165 |   0.0    0.0   -0.0 |   0.6    0.4   -0.4 |    10      7     -6 |   5.4  -25.3  -88.3 | 35.22    
2023-11-08 00:57:28.964 |  0.71   0.28  10.05 |  0.07   0.03   1.03 |   298    117   4241 |   0.0    0.0   -0.0 |   0.4    0.5   -0.4 |     7      8     -7 |   1.7  -26.5  -87.1 | 35.18    
2023-11-08 00:57:29.002 |  0.77   0.23   9.90 |  0.08   0.02   1.01 |   320     98   4175 |   0.0    0.0   -0.0 |   0.4    0.7   -0.3 |     6     11     -5 |   3.4  -24.3  -90.2 | 35.15    
2023-11-08 00:57:29.040 |  0.62   0.38   9.81 |  0.06   0.04   1.00 |   258    160   4138 |   0.0    0.0   -0.0 |   0.8    0.1   -0.4 |    13      1     -7 |   3.2  -25.0  -87.1 | 35.20    
2023-11-08 00:57:29.078 |  0.57   0.40   9.89 |  0.06   0.04   1.01 |   239    169   4171 |   0.0    0.0   -0.0 |   0.6    0.1   -0.3 |    10      2     -5 |   2.0  -24.8  -88.8 | 35.19    
2023-11-08 00:57:29.116 |  0.57   0.39   9.89 |  0.06   0.04   1.01 |   237    162   4174 |   0.0    0.0   -0.0 |   0.6    0.5   -0.3 |    10      9     -5 |   2.0  -23.8  -86.9 | 35.26    
2023-11-08 00:57:29.154 |  0.61   0.35   9.89 |  0.06   0.04   1.01 |   256    147   4172 |   0.0   -0.0   -0.0 |   0.7   -0.1   -0.1 |    11     -1     -1 |   3.9  -23.3  -89.2 | 35.17    
2023-11-08 00:57:29.192 |  0.69   0.38   9.91 |  0.07   0.04   1.01 |   287    158   4179 |   0.0   -0.0   -0.0 |   0.5   -0.1   -0.2 |     8     -1     -3 |   3.9  -23.8  -87.4 | 35.24    
2023-11-08 00:57:29.230 |  0.60   0.33   9.83 |  0.06   0.03   1.00 |   250    138   4148 |   0.0    0.0   -0.0 |   0.5    0.4   -0.1 |     8      6     -1 |   3.4  -26.3  -86.0 | 35.14    
2023-11-08 00:57:29.269 |  0.60   0.26   9.95 |  0.06   0.03   1.01 |   251    109   4198 |   0.0    0.0   -0.0 |   0.7    0.4   -0.6 |    11      6    -10 |   2.2  -25.0  -87.6 | 35.22    
2023-11-08 00:57:29.307 |  0.61   0.34   9.88 |  0.06   0.03   1.01 |   253    142   4166 |   0.0    0.0   -0.0 |   0.5    0.4   -0.4 |     9      6     -6 |   2.9  -24.3  -88.3 | 35.18    
2023-11-08 00:57:29.345 |  0.71   0.43   9.94 |  0.07   0.04   1.01 |   296    179   4195 |   0.0    0.0   -0.0 |   0.4    0.5   -0.8 |     7      9    -13 |   5.1  -26.0  -87.6 | 35.22    
2023-11-08 00:57:29.383 |  0.56   0.36   9.89 |  0.06   0.04   1.01 |   233    152   4172 |   0.0    0.0   -0.0 |   0.7    0.1   -0.3 |    11      2     -5 |   4.6  -26.0  -87.1 | 35.19    
2023-11-08 00:57:29.421 |  0.62   0.38   9.94 |  0.06   0.04   1.01 |   259    159   4193 |   0.0    0.0   -0.0 |   0.7    0.1   -0.4 |    11      2     -6 |   2.2  -24.5  -85.7 | 35.16    
2023-11-08 00:57:29.460 |  0.64   0.40   9.90 |  0.07   0.04   1.01 |   269    167   4177 |   0.0    0.0   -0.0 |   0.6    0.2   -0.4 |    10      3     -7 |   3.9  -26.7  -88.8 | 35.23    
2023-11-08 00:57:29.498 |  0.63   0.38   9.90 |  0.06   0.04   1.01 |   262    161   4175 |   0.0    0.0   -0.0 |   0.8    0.2   -0.5 |    13      3     -8 |   0.0  -24.3  -86.9 | 35.17    
2023-11-08 00:57:29.537 |  0.69   0.32   9.86 |  0.07   0.03   1.01 |   289    132   4158 |   0.0    0.0   -0.0 |   0.5    0.5   -0.4 |     9      8     -6 |   2.4  -24.8  -87.4 | 35.16    
2023-11-08 00:57:29.575 |  0.65   0.26   9.90 |  0.07   0.03   1.01 |   272    110   4175 |   0.0    0.0   -0.0 |   0.5    0.5   -0.7 |     9      9    -12 |   3.7  -23.6  -88.1 | 35.24    
2023-11-08 00:57:29.613 |  0.55   0.39   9.95 |  0.06   0.04   1.01 |   231    164   4196 |   0.0    0.0   -0.0 |   0.8    0.1   -0.4 |    13      1     -6 |   3.4  -24.3  -87.8 | 35.19    
2023-11-08 00:57:29.650 |  0.64   0.39   9.91 |  0.06   0.04   1.01 |   266    164   4182 |   0.0    0.0    0.0 |   0.9    0.0    0.1 |    14      0      2 |   2.0  -24.8  -86.9 | 35.19    
2023-11-08 00:57:29.688 |  0.65   0.36   9.91 |  0.07   0.04   1.01 |   272    152   4180 |   0.0    0.0   -0.0 |   0.7    0.0   -0.1 |    12      0     -1 |   2.2  -25.5  -87.6 | 35.21    
2023-11-08 00:57:29.726 |  0.67   0.26   9.91 |  0.07   0.03   1.01 |   281    110   4180 |   0.0    0.0   -0.0 |   0.5    0.2   -0.3 |     8      3     -5 |   2.2  -25.0  -89.0 | 35.19    
2023-11-08 00:57:29.764 |  0.71   0.25   9.98 |  0.07   0.03   1.02 |   297    103   4209 |   0.0    0.0   -0.0 |   0.7    0.0   -0.5 |    12      0     -8 |   0.5  -24.3  -87.8 | 35.21    
2023-11-08 00:57:29.803 |  0.68   0.32   9.93 |  0.07   0.03   1.01 |   285    133   4191 |   0.0    0.0   -0.0 |   0.7    0.3   -0.7 |    11      5    -11 |   3.2  -24.5  -85.7 | 35.22    
2023-11-08 00:57:29.841 |  0.38   0.48   9.71 |  0.04   0.05   0.99 |   159    201   4096 |   0.0    0.0   -0.0 |   0.7    0.9   -0.7 |    11     15    -12 |   2.9  -23.8  -87.8 | 35.16    
